{"meta": {"format": 3, "version": "7.13.4", "timestamp": "2026-03-16T13:09:56.797882", "branch_coverage": true, "show_contexts": false}, "files": {"visualkeras/__init__.py": {"executed_lines": [25, 26, 27, 28, 29, 40], "summary": {"covered_lines": 6, "num_statements": 6, "percent_covered": 100.0, "percent_covered_display": "100.00", "missing_lines": 0, "excluded_lines": 0, "percent_statements_covered": 100.0, "percent_statements_covered_display": "100.00", "num_branches": 0, "num_partial_branches": 0, "covered_branches": 0, "missing_branches": 0, "percent_branches_covered": 100.0, "percent_branches_covered_display": "100.00"}, "missing_lines": [], "excluded_lines": [], "executed_branches": [], "missing_branches": [], "functions": {"": {"executed_lines": [25, 26, 27, 28, 29, 40], "summary": {"covered_lines": 6, "num_statements": 6, "percent_covered": 100.0, "percent_covered_display": "100.00", "missing_lines": 0, "excluded_lines": 0, "percent_statements_covered": 100.0, "percent_statements_covered_display": "100.00", "num_branches": 0, "num_partial_branches": 0, "covered_branches": 0, "missing_branches": 0, "percent_branches_covered": 100.0, "percent_branches_covered_display": "100.00"}, "missing_lines": [], "excluded_lines": [], "start_line": 1, "executed_branches": [], "missing_branches": []}}, "classes": {"": {"executed_lines": [25, 26, 27, 28, 29, 40], "summary": {"covered_lines": 6, "num_statements": 6, "percent_covered": 100.0, "percent_covered_display": "100.00", "missing_lines": 0, "excluded_lines": 0, "percent_statements_covered": 100.0, "percent_statements_covered_display": "100.00", "num_branches": 0, "num_partial_branches": 0, "covered_branches": 0, "missing_branches": 0, "percent_branches_covered": 100.0, "percent_branches_covered_display": "100.00"}, "missing_lines": [], "excluded_lines": [], "start_line": 1, "executed_branches": [], "missing_branches": []}}}, "visualkeras/functional.py": {"executed_lines": [12, 14, 15, 16, 17, 18, 20, 21, 22, 24, 31, 32, 45, 46, 47, 48, 49, 50, 51, 52, 53, 54, 55, 56, 57, 58, 59, 60, 61, 62, 63, 64, 65, 68, 69, 70, 71, 74, 75, 76, 77, 78, 79, 82, 85, 86, 87, 90, 91, 92, 93, 94, 98, 99, 100, 103, 104, 105, 106, 107, 111, 112, 115, 120, 144, 145, 146, 147, 149, 150, 151, 152, 154, 155, 156, 160, 161, 162, 164, 165, 166, 170, 171, 172, 176, 177, 178, 179, 180, 182, 192, 195, 263, 265, 266, 267, 312, 316, 317, 325, 326, 327, 328, 329, 330, 331, 332, 333, 334, 335, 336, 337, 339, 340, 341, 342, 343, 344, 345, 349, 350, 351, 358, 360, 406, 407, 409, 412, 413, 414, 415, 416, 417, 418, 419, 420, 421, 422, 423, 424, 425, 426, 427, 428, 429, 430, 431, 432, 433, 434, 435, 436, 437, 438, 439, 440, 441, 442, 443, 444, 445, 446, 447, 448, 449, 450, 451, 452, 453, 454, 456, 457, 458, 460, 462, 465, 466, 471, 481, 482, 484, 487, 488, 490, 491, 492, 493, 494, 495, 501, 503, 546, 569, 570, 575, 576, 583, 584, 586, 587, 589, 590, 591, 592, 599, 600, 602, 603, 605, 606, 607, 613, 614, 615, 626, 628, 630, 638, 661, 662, 663, 666, 722, 723, 724, 725, 726, 727, 728, 729, 731, 732, 733, 735, 736, 737, 738, 740, 741, 742, 744, 745, 746, 747, 760, 761, 763, 764, 765, 766, 767, 768, 771, 772, 773, 774, 775, 779, 780, 781, 782, 783, 786, 787, 788, 789, 790, 791, 792, 793, 795, 796, 797, 798, 809, 810, 811, 812, 813, 815, 816, 818, 819, 820, 828, 829, 830, 832, 833, 835, 837, 853, 855, 856, 858, 859, 862, 863, 864, 865, 866, 867, 868, 870, 871, 872, 873, 874, 875, 878, 884, 885, 886, 887, 889, 891, 892, 893, 894, 895, 907, 908, 910, 913, 917, 918, 919, 920, 921, 922, 923, 924, 927, 931, 932, 933, 934, 935, 936, 937, 938, 941, 942, 943, 944, 945, 946, 947, 950, 968, 969, 970, 971, 973, 974, 976, 979, 980, 982, 983, 984, 985, 986, 987, 989, 990, 991, 993, 994, 995, 998, 999, 1002, 1003, 1006, 1007, 1010, 1011, 1012, 1013, 1014, 1016, 1017, 1019, 1022, 1045, 1048, 1049, 1050, 1051, 1052, 1053, 1055, 1056, 1057, 1058, 1062, 1063, 1070, 1071, 1072, 1073, 1074, 1075, 1076, 1077, 1078, 1079, 1080, 1082, 1106, 1107, 1109, 1110, 1111, 1112, 1113, 1114, 1115, 1117, 1118, 1119, 1120, 1122, 1123, 1124, 1126, 1127, 1129, 1130, 1132, 1133, 1135, 1136, 1139, 1160, 1161, 1163, 1164, 1165, 1166, 1167, 1168, 1169, 1170, 1176, 1177, 1180, 1184, 1185, 1186, 1187, 1188, 1190, 1194, 1196, 1197, 1198, 1199, 1200, 1201, 1202, 1204, 1205, 1206, 1207, 1208, 1215, 1216, 1217, 1220, 1225, 1228, 1229, 1230, 1232, 1233, 1234, 1235, 1236, 1237, 1238, 1240, 1241, 1242, 1243, 1244, 1245, 1246, 1261, 1262, 1263, 1264, 1266, 1268, 1269, 1272, 1273, 1274, 1275, 1276, 1277, 1278, 1279, 1280, 1283, 1287, 1288, 1289, 1290, 1292, 1293, 1295, 1296, 1297, 1298, 1299, 1300, 1301, 1302, 1303, 1304, 1305, 1306, 1307, 1308, 1310, 1313, 1314, 1315, 1316, 1319, 1326, 1327, 1335, 1336, 1337, 1338, 1339, 1340, 1342, 1343, 1344, 1346, 1347, 1348, 1349, 1350, 1352, 1353, 1354, 1357, 1359, 1360, 1363, 1365, 1366, 1367, 1369, 1372, 1378, 1379, 1380, 1381, 1384, 1387, 1400, 1401, 1402, 1404, 1409, 1410, 1411, 1412, 1415, 1416, 1417, 1420, 1421, 1423, 1424, 1425, 1427, 1429, 1432, 1446, 1449, 1450, 1451, 1452, 1454, 1455, 1456, 1457, 1458, 1459, 1460, 1462, 1463, 1464, 1465, 1467, 1468, 1469, 1471, 1472, 1473, 1475, 1476, 1477, 1479, 1480, 1486, 1487, 1488, 1490, 1491, 1492, 1494, 1495, 1496, 1497, 1498, 1500, 1501, 1504, 1505, 1506, 1507, 1508, 1509, 1512, 1524, 1525, 1526, 1527, 1528, 1530, 1531, 1532, 1534, 1535, 1537, 1538, 1539, 1540, 1545, 1546, 1547, 1548, 1550, 1551, 1552, 1554, 1555, 1557, 1558, 1559, 1560, 1561, 1562, 1563, 1564, 1565, 1566, 1567, 1569, 1572, 1573, 1574, 1575, 1576, 1577, 1580, 1581, 1582, 1583, 1584, 1585, 1586, 1587, 1588, 1589, 1592, 1593, 1594, 1596, 1597, 1598, 1601, 1606, 1609, 1612, 1613, 1614, 1615, 1622, 1623, 1624, 1625, 1627, 1628, 1629, 1632, 1633, 1634, 1635, 1636, 1637, 1638, 1639, 1640, 1641, 1642, 1643, 1644, 1647, 1654, 1655, 1656, 1657, 1660, 1661, 1662, 1663, 1664, 1665, 1666, 1667, 1668, 1669, 1670, 1671, 1672, 1673, 1674, 1678, 1680, 1681, 1683, 1684, 1685, 1686, 1687, 1689, 1690, 1691, 1692, 1693, 1695, 1698, 1700, 1701, 1702, 1703, 1704, 1705, 1706, 1707, 1708, 1711, 1712, 1713, 1714, 1715, 1717, 1718, 1719, 1720, 1721, 1722, 1723, 1724, 1726, 1727, 1728, 1729, 1730, 1731, 1732, 1733, 1734, 1737, 1762, 1764, 1765, 1766, 1768, 1769, 1770, 1772, 1774, 1775, 1777, 1778, 1779, 1780, 1781, 1782, 1783, 1784, 1785, 1789, 1791, 1792, 1794, 1795, 1796, 1797, 1801, 1802, 1804, 1806, 1807, 1809, 1810, 1811, 1812, 1813, 1814, 1816, 1817, 1818, 1819, 1820, 1821, 1822, 1824, 1825, 1830, 1831, 1832, 1834, 1836, 1837, 1839, 1840, 1841, 1842, 1844, 1846, 1847, 1848, 1849, 1851, 1853, 1856, 1861, 1863, 1864, 1865, 1867, 1868, 1876, 1899, 1900, 1902, 1903, 1904, 1905, 1909, 1910, 1911, 1912, 1913, 1914, 1916, 1917, 1918, 1934, 1937, 1964, 1965, 1968, 1969, 1970, 1971, 1972, 1973, 1974, 1976, 1977, 1980, 1982, 1983, 1984, 1988, 1993, 1995, 1996, 1997, 1998, 2001, 2002, 2003, 2007, 2010, 2031, 2034, 2035, 2036, 2037, 2039, 2041, 2042, 2043, 2048, 2059, 2063, 2064, 2069, 2070, 2072, 2086, 2142, 2143, 2144, 2145, 2146, 2147, 2153, 2154, 2156, 2157, 2158, 2159, 2160, 2161, 2163, 2164, 2165, 2167, 2168, 2169, 2170, 2171, 2172, 2173, 2174, 2176, 2177, 2178, 2179, 2180, 2182, 2183, 2184, 2185, 2186, 2187, 2189, 2190, 2191, 2192, 2194, 2195, 2197, 2198, 2199, 2200, 2201, 2202, 2203, 2207, 2208, 2209, 2210, 2211, 2213, 2214, 2215, 2217, 2218, 2220, 2230, 2232, 2233, 2235, 2236, 2239, 2240, 2241, 2242, 2243, 2245, 2246, 2247, 2248, 2249, 2250, 2251, 2253, 2254, 2255, 2256, 2257, 2258, 2259, 2261, 2262, 2263, 2264, 2266, 2267, 2268, 2269, 2270, 2271, 2272, 2273, 2274, 2276, 2277, 2278, 2279, 2280, 2281, 2282, 2283, 2284, 2285, 2286, 2287, 2288, 2290, 2291, 2292, 2293, 2294, 2296, 2297, 2298, 2299, 2301, 2302, 2304, 2305, 2307, 2308, 2310, 2311, 2312, 2317, 2318, 2320, 2322, 2325, 2327, 2344, 2350, 2355, 2357, 2358, 2359, 2360, 2370, 2371, 2372, 2373, 2374, 2375, 2380, 2381, 2382, 2383, 2385, 2386, 2387, 2388, 2392, 2393, 2394, 2395, 2397, 2398, 2399, 2401, 2402, 2404, 2406, 2407, 2409, 2411, 2412, 2423, 2430, 2431, 2439, 2440, 2448, 2449, 2451, 2452, 2454, 2456, 2458, 2470, 2471, 2472, 2473, 2474, 2475, 2477, 2479, 2480, 2481, 2482, 2483, 2485, 2486, 2487, 2489, 2490, 2491, 2492, 2494, 2495, 2496, 2499, 2501, 2502, 2503, 2504, 2505, 2506, 2513, 2516, 2517, 2519, 2520, 2521, 2522, 2523, 2524, 2525, 2526, 2527, 2528, 2530, 2532, 2533, 2534, 2535, 2536, 2537, 2538, 2539, 2540, 2541, 2543, 2546, 2553, 2554, 2557, 2558, 2559, 2560, 2563, 2564, 2565, 2566, 2567, 2570, 2582, 2583, 2584, 2585, 2587, 2588, 2589, 2590, 2592, 2593, 2594, 2595, 2596, 2598, 2599, 2600, 2602, 2603, 2605, 2606, 2608, 2611, 2625, 2626, 2627, 2628, 2631, 2632, 2633, 2635, 2636, 2637, 2638, 2640, 2641, 2642, 2643, 2645, 2646, 2647, 2649, 2651, 2652, 2653, 2655, 2658, 2684, 2685, 2687, 2688, 2689, 2690, 2692, 2693, 2694, 2696, 2697, 2699, 2700, 2702, 2703, 2704, 2705, 2706, 2707, 2711, 2712, 2714, 2715, 2716, 2717, 2718, 2719, 2720, 2721, 2722, 2723, 2724, 2725, 2726, 2728, 2729, 2730, 2731, 2733, 2734, 2735, 2736, 2737, 2738, 2739, 2740, 2741, 2743, 2744, 2745, 2747, 2748, 2750, 2751, 2752, 2754, 2756, 2757, 2758, 2759, 2760, 2761, 2762, 2764, 2766, 2768, 2769, 2770, 2772, 2773, 2774, 2776, 2777, 2779, 2780, 2781, 2782, 2783, 2784, 2785, 2786, 2787, 2788, 2789, 2790, 2791, 2792, 2793, 2794, 2795, 2796, 2799, 2802, 2803, 2804, 2805, 2806, 2808, 2809, 2810, 2812, 2813, 2814, 2815, 2817, 2818, 2819, 2820, 2821, 2823, 2825, 2826, 2828, 2829, 2832, 2834, 2835, 2836, 2837, 2841, 2842, 2843, 2845, 2846, 2847, 2849, 2851, 2852, 2854, 2855, 2856, 2858, 2860, 2861, 2862, 2863, 2864, 2865, 2866, 2867, 2868, 2869, 2870, 2871, 2873, 2874, 2875, 2877, 2880, 2881, 2882, 2883, 2884, 2887, 2888, 2889, 2890, 2891, 2894, 2895, 2896, 2897, 2899, 2900, 2901, 2902, 2904, 2905, 2906, 2919, 2920, 2921, 2922, 2923, 2924, 2925, 2926, 2927, 2928, 2929, 2930, 2933, 2939, 2940, 2943, 2944, 2945, 2947, 2948, 2950, 2951, 2952, 2953, 2954, 2956, 2957, 2958, 2959, 2961, 2962, 2963, 2964, 2965, 2966, 2967, 2969], "summary": {"covered_lines": 1415, "num_statements": 1580, "percent_covered": 86.44578313253012, "percent_covered_display": "86.45", "missing_lines": 165, "excluded_lines": 0, "percent_statements_covered": 89.55696202531645, "percent_statements_covered_display": "89.56", "num_branches": 744, "num_partial_branches": 120, "covered_branches": 594, "missing_branches": 150, "percent_branches_covered": 79.83870967741936, "percent_branches_covered_display": "79.84"}, "missing_lines": [108, 117, 352, 353, 355, 408, 410, 461, 463, 467, 472, 473, 474, 475, 476, 485, 496, 497, 498, 499, 577, 627, 769, 770, 776, 777, 784, 800, 802, 803, 804, 806, 807, 814, 821, 822, 823, 824, 825, 826, 869, 977, 996, 997, 1000, 1001, 1004, 1005, 1008, 1009, 1046, 1064, 1068, 1121, 1125, 1128, 1131, 1226, 1383, 1413, 1418, 1447, 1481, 1482, 1483, 1484, 1533, 1536, 1553, 1556, 1599, 1600, 1602, 1603, 1604, 1605, 1607, 1617, 1648, 1649, 1650, 1651, 1675, 1694, 1716, 1763, 1786, 1798, 1799, 1823, 1826, 1827, 1828, 1862, 1866, 1869, 1870, 1871, 1872, 1873, 1907, 1925, 1926, 1933, 1966, 1979, 1994, 2000, 2032, 2038, 2071, 2204, 2205, 2237, 2313, 2314, 2315, 2321, 2323, 2328, 2330, 2331, 2333, 2334, 2335, 2337, 2339, 2340, 2342, 2345, 2346, 2347, 2348, 2351, 2384, 2389, 2390, 2453, 2497, 2514, 2555, 2561, 2562, 2629, 2709, 2742, 2746, 2749, 2753, 2763, 2765, 2775, 2798, 2800, 2839, 2908, 2909, 2910, 2911, 2912, 2913, 2914, 2916, 2931, 2941], "excluded_lines": [], "executed_branches": [[91, 92], [91, 98], [92, 93], [92, 94], [98, 99], [99, 100], [99, 103], [104, 105], [104, 111], [105, 106], [111, 112], [111, 115], [144, 145], [144, 146], [146, 147], [146, 149], [150, 151], [150, 192], [151, 152], [151, 154], [155, 156], [155, 160], [160, 161], [160, 162], [165, 166], [165, 170], [171, 172], [171, 176], [177, 178], [177, 179], [179, 180], [179, 182], [265, 266], [265, 325], [316, 317], [316, 325], [325, 326], [325, 465], [340, 341], [340, 349], [349, 350], [350, 351], [406, 407], [406, 412], [407, 409], [409, 406], [456, 457], [456, 460], [460, 462], [462, 465], [466, 471], [471, 481], [481, 482], [484, 487], [487, 488], [487, 490], [490, 491], [490, 501], [491, 492], [491, 493], [494, 495], [569, 570], [569, 583], [575, 576], [575, 583], [576, 575], [586, 587], [591, 592], [591, 599], [606, 607], [606, 630], [613, 614], [613, 615], [626, 628], [661, 662], [661, 663], [724, 725], [724, 727], [725, 724], [725, 726], [727, 728], [727, 729], [735, 736], [735, 853], [740, 741], [740, 744], [763, 764], [763, 779], [765, 766], [765, 771], [772, 773], [772, 779], [780, 781], [780, 782], [783, 786], [786, 787], [786, 832], [791, 792], [791, 809], [795, 796], [797, 798], [810, 811], [810, 832], [813, 818], [818, 819], [855, 856], [855, 858], [865, 866], [865, 875], [866, 865], [866, 867], [868, 870], [871, 872], [871, 873], [891, 892], [891, 910], [907, 891], [907, 908], [919, 920], [919, 922], [933, 934], [933, 938], [934, 935], [934, 936], [942, 943], [942, 944], [970, 971], [970, 973], [976, 979], [982, 983], [982, 1019], [984, 985], [984, 986], [986, 987], [986, 989], [993, 994], [993, 1016], [995, 998], [999, 1002], [1003, 1006], [1007, 1010], [1010, 1011], [1010, 1013], [1016, 982], [1016, 1017], [1045, 1048], [1063, 1070], [1078, 1079], [1113, 1114], [1113, 1135], [1117, 1118], [1117, 1119], [1119, 1120], [1119, 1123], [1120, 1122], [1123, 1124], [1123, 1127], [1124, 1126], [1127, 1129], [1130, 1132], [1160, 1161], [1160, 1163], [1165, 1166], [1165, 1177], [1168, 1169], [1168, 1170], [1186, 1187], [1186, 1190], [1196, 1197], [1196, 1204], [1198, 1196], [1198, 1199], [1201, 1198], [1201, 1202], [1204, 1205], [1204, 1215], [1206, 1207], [1206, 1208], [1215, 1216], [1215, 1217], [1225, 1228], [1232, 1233], [1232, 1268], [1236, 1237], [1236, 1240], [1241, 1242], [1241, 1266], [1273, 1274], [1273, 1277], [1275, 1276], [1277, -1272], [1277, 1278], [1279, 1277], [1279, 1280], [1288, 1289], [1288, 1292], [1295, 1296], [1295, 1310], [1296, 1297], [1296, 1298], [1301, 1302], [1301, 1308], [1304, 1301], [1304, 1305], [1305, 1304], [1305, 1306], [1337, 1338], [1337, 1339], [1339, 1340], [1339, 1342], [1346, 1347], [1346, 1352], [1347, 1348], [1347, 1350], [1348, 1347], [1348, 1349], [1352, 1353], [1352, 1365], [1353, 1354], [1353, 1359], [1359, 1352], [1359, 1360], [1365, 1366], [1365, 1369], [1366, 1365], [1366, 1367], [1380, 1381], [1409, 1410], [1409, 1429], [1412, 1415], [1416, 1417], [1416, 1421], [1417, 1420], [1424, 1425], [1424, 1427], [1446, 1449], [1454, 1455], [1454, 1465], [1458, 1459], [1458, 1462], [1471, -1432], [1471, 1472], [1472, 1473], [1472, 1475], [1480, 1486], [1487, 1488], [1487, 1490], [1491, 1492], [1491, 1494], [1494, 1495], [1494, 1500], [1496, 1497], [1496, 1500], [1500, 1471], [1500, 1501], [1506, 1507], [1506, 1509], [1507, 1506], [1507, 1508], [1530, 1531], [1530, 1550], [1532, 1534], [1535, 1537], [1538, 1539], [1538, 1545], [1545, 1546], [1545, 1547], [1550, 1551], [1550, 1569], [1552, 1554], [1555, 1557], [1559, 1560], [1559, 1566], [1566, 1567], [1574, 1575], [1574, 1577], [1581, 1582], [1581, 1583], [1586, 1587], [1586, 1589], [1596, 1597], [1596, 1601], [1601, 1606], [1606, 1609], [1613, 1614], [1623, 1624], [1623, 1625], [1634, 1635], [1634, 1636], [1637, 1638], [1637, 1644], [1640, 1641], [1655, 1656], [1655, 1657], [1663, 1664], [1663, 1665], [1665, 1666], [1665, 1669], [1667, 1668], [1667, 1669], [1669, 1670], [1669, 1671], [1671, 1672], [1673, 1671], [1673, 1674], [1680, 1681], [1680, 1683], [1685, 1686], [1685, 1693], [1686, 1687], [1686, 1689], [1693, 1695], [1713, 1714], [1713, 1715], [1715, 1717], [1720, 1721], [1720, 1730], [1723, 1724], [1723, 1726], [1728, 1720], [1728, 1729], [1730, 1731], [1730, 1732], [1732, 1733], [1732, 1734], [1762, 1764], [1769, 1770], [1769, 1772], [1779, 1780], [1779, 1781], [1785, 1789], [1817, 1818], [1817, 1830], [1819, 1820], [1819, 1830], [1822, 1824], [1825, 1819], [1831, 1832], [1831, 1834], [1839, 1840], [1839, 1841], [1841, 1842], [1841, 1844], [1846, 1847], [1846, 1848], [1848, 1849], [1848, 1851], [1861, 1863], [1863, 1864], [1863, 1867], [1865, 1867], [1867, 1868], [1899, 1900], [1899, 1902], [1904, 1905], [1916, 1917], [1965, 1968], [1970, 1971], [1970, 1973], [1973, 1974], [1973, 1976], [1976, 1977], [1993, 1995], [1997, 1998], [2031, 2034], [2035, -2010], [2035, 2036], [2037, 2039], [2041, 2042], [2059, 2063], [2070, 2072], [2144, 2145], [2144, 2156], [2147, 2144], [2147, 2153], [2156, 2157], [2156, 2163], [2157, 2158], [2157, 2163], [2159, 2160], [2159, 2161], [2163, 2164], [2163, 2197], [2167, 2168], [2167, 2197], [2169, 2170], [2169, 2171], [2185, 2186], [2198, 2199], [2198, 2213], [2199, 2200], [2199, 2213], [2201, 2202], [2208, 2199], [2208, 2209], [2209, 2210], [2217, 2218], [2217, 2220], [2235, 2236], [2235, 2355], [2236, 2239], [2239, 2240], [2239, 2296], [2246, 2247], [2248, 2249], [2250, 2251], [2254, 2255], [2256, 2257], [2258, 2259], [2266, 2267], [2266, 2276], [2276, 2277], [2276, 2290], [2286, 2287], [2286, 2288], [2290, 2291], [2290, 2292], [2292, 2293], [2292, 2294], [2312, 2317], [2320, 2322], [2322, 2325], [2327, 2344], [2344, 2350], [2350, 2235], [2357, 2358], [2357, 2370], [2358, 2359], [2358, 2370], [2370, 2371], [2370, 2439], [2371, 2372], [2380, 2381], [2380, 2423], [2383, 2385], [2387, 2388], [2387, 2395], [2388, 2392], [2406, 2407], [2406, 2409], [2430, 2431], [2430, 2439], [2439, 2440], [2439, 2448], [2448, 2449], [2448, 2451], [2451, 2452], [2451, 2456], [2452, 2454], [2473, 2474], [2473, 2477], [2481, 2482], [2481, 2485], [2496, 2499], [2501, 2502], [2501, 2516], [2513, 2501], [2516, -2494], [2516, 2517], [2519, 2520], [2519, 2532], [2521, 2522], [2521, 2530], [2523, 2521], [2523, 2524], [2525, 2521], [2525, 2526], [2532, -2458], [2532, 2533], [2534, 2535], [2534, 2543], [2536, 2534], [2536, 2537], [2538, 2534], [2538, 2539], [2554, 2557], [2558, 2559], [2558, 2567], [2559, 2558], [2559, 2560], [2560, 2563], [2564, 2559], [2564, 2565], [2582, -2570], [2582, 2583], [2584, 2585], [2584, 2587], [2626, -2611], [2626, 2627], [2628, 2631], [2632, 2633], [2632, 2635], [2702, 2703], [2702, 2704], [2704, 2705], [2704, 2706], [2706, 2707], [2715, 2716], [2715, 2733], [2716, 2715], [2716, 2717], [2719, 2720], [2719, 2728], [2720, 2721], [2720, 2723], [2725, 2719], [2725, 2726], [2728, 2715], [2728, 2729], [2741, 2743], [2743, 2744], [2743, 2745], [2745, 2747], [2748, 2750], [2752, 2737], [2756, 2757], [2756, 2768], [2757, 2758], [2757, 2759], [2759, 2760], [2759, 2761], [2762, 2764], [2764, 2766], [2769, -2768], [2769, 2770], [2772, -2658], [2772, 2773], [2774, 2776], [2780, 2781], [2780, 2802], [2783, 2784], [2783, 2790], [2784, 2785], [2786, 2787], [2790, 2791], [2795, 2796], [2799, 2802], [2802, 2772], [2802, 2803], [2804, 2805], [2804, 2845], [2806, 2808], [2809, 2810], [2809, 2812], [2813, 2814], [2813, 2817], [2819, 2820], [2819, 2823], [2825, 2826], [2825, 2828], [2828, 2829], [2828, 2832], [2836, 2837], [2851, 2852], [2854, 2802], [2854, 2855], [2860, 2861], [2860, 2864], [2864, 2865], [2864, 2868], [2868, 2869], [2868, 2873], [2882, 2883], [2882, 2884], [2889, 2890], [2889, 2891], [2896, 2897], [2896, 2899], [2901, 2902], [2901, 2904], [2905, 2906], [2920, 2921], [2920, 2922], [2922, 2923], [2922, 2924], [2924, 2925], [2924, 2929], [2929, 2930], [2940, 2943], [2947, 2948], [2947, 2961], [2948, 2947], [2948, 2950], [2951, 2952], [2952, 2953], [2957, 2958], [2961, 2962], [2961, 2969], [2962, 2963], [2962, 2965], [2963, 2961], [2963, 2964], [2965, 2966], [2966, 2967]], "missing_branches": [[98, 117], [105, 108], [349, 360], [350, 352], [352, 353], [352, 355], [407, 408], [409, 410], [460, 461], [462, 463], [466, 467], [471, 472], [481, 484], [484, 485], [494, 496], [496, 497], [496, 501], [576, 577], [586, 589], [626, 627], [783, 784], [795, 802], [797, 800], [802, 803], [802, 806], [803, 804], [803, 809], [806, 807], [806, 809], [813, 814], [818, 821], [821, 822], [821, 824], [824, 825], [824, 832], [868, 869], [976, 977], [995, 996], [999, 1000], [1003, 1004], [1007, 1008], [1045, 1046], [1063, 1064], [1078, 1082], [1120, 1121], [1124, 1125], [1127, 1128], [1130, 1131], [1225, 1226], [1275, 1273], [1380, 1383], [1412, 1413], [1417, 1418], [1446, 1447], [1480, 1481], [1482, 1483], [1482, 1500], [1532, 1533], [1535, 1536], [1552, 1553], [1555, 1556], [1566, 1550], [1601, 1602], [1606, 1607], [1613, 1617], [1640, 1644], [1671, 1675], [1693, 1694], [1715, 1716], [1762, 1763], [1785, 1786], [1822, 1823], [1825, 1826], [1861, 1862], [1865, 1866], [1867, 1869], [1869, 1870], [1869, 1873], [1871, 1869], [1871, 1872], [1904, 1907], [1916, 1933], [1965, 1966], [1976, 1979], [1993, 1994], [1997, 2000], [2031, 2032], [2037, 2038], [2041, 2059], [2059, 2035], [2070, 2071], [2185, 2167], [2201, 2199], [2209, 2211], [2236, 2237], [2246, 2248], [2248, 2250], [2250, 2253], [2254, 2256], [2256, 2258], [2258, 2261], [2312, 2313], [2320, 2321], [2322, 2323], [2327, 2328], [2334, 2335], [2334, 2337], [2339, 2340], [2339, 2342], [2344, 2345], [2346, 2347], [2346, 2348], [2350, 2351], [2371, 2373], [2383, 2384], [2388, 2389], [2452, 2453], [2496, 2497], [2513, 2514], [2554, 2555], [2560, 2561], [2628, 2629], [2706, 2709], [2741, 2742], [2745, 2746], [2748, 2749], [2752, 2753], [2762, 2763], [2764, 2765], [2774, 2775], [2784, 2783], [2786, 2783], [2790, 2802], [2795, 2798], [2799, 2800], [2806, 2804], [2836, 2839], [2851, 2802], [2905, 2908], [2909, 2910], [2909, 2916], [2910, 2911], [2910, 2916], [2929, 2931], [2940, 2941], [2951, 2956], [2952, 2954], [2957, 2959], [2965, 2961], [2966, 2961]], "functions": {"_SyntheticLayer.__init__": {"executed_lines": [86, 87], "summary": {"covered_lines": 2, "num_statements": 2, "percent_covered": 100.0, "percent_covered_display": "100.00", "missing_lines": 0, "excluded_lines": 0, "percent_statements_covered": 100.0, "percent_statements_covered_display": "100.00", "num_branches": 0, "num_partial_branches": 0, "covered_branches": 0, "missing_branches": 0, "percent_branches_covered": 100.0, "percent_branches_covered_display": "100.00"}, "missing_lines": [], "excluded_lines": [], "start_line": 85, "executed_branches": [], "missing_branches": []}, "_normalize_collapse_selector": {"executed_lines": [91, 92, 93, 94, 98, 99, 100, 103, 104, 105, 106, 107, 111, 112, 115], "summary": {"covered_lines": 15, "num_statements": 17, "percent_covered": 87.09677419354838, "percent_covered_display": "87.10", "missing_lines": 2, "excluded_lines": 0, "percent_statements_covered": 88.23529411764706, "percent_statements_covered_display": "88.24", "num_branches": 14, "num_partial_branches": 2, "covered_branches": 12, "missing_branches": 2, "percent_branches_covered": 85.71428571428571, "percent_branches_covered_display": "85.71"}, "missing_lines": [108, 117], "excluded_lines": [], "start_line": 90, "executed_branches": [[91, 92], [91, 98], [92, 93], [92, 94], [98, 99], [99, 100], [99, 103], [104, 105], [104, 111], [105, 106], [111, 112], [111, 115]], "missing_branches": [[98, 117], [105, 108]]}, "_validate_and_normalize_collapse_rules": {"executed_lines": [144, 145, 146, 147, 149, 150, 151, 152, 154, 155, 156, 160, 161, 162, 164, 165, 166, 170, 171, 172, 176, 177, 178, 179, 180, 182, 192], "summary": {"covered_lines": 27, "num_statements": 27, "percent_covered": 100.0, "percent_covered_display": "100.00", "missing_lines": 0, "excluded_lines": 0, "percent_statements_covered": 100.0, "percent_statements_covered_display": "100.00", "num_branches": 20, "num_partial_branches": 0, "covered_branches": 20, "missing_branches": 0, "percent_branches_covered": 100.0, "percent_branches_covered_display": "100.00"}, "missing_lines": [], "excluded_lines": [], "start_line": 120, "executed_branches": [[144, 145], [144, 146], [146, 147], [146, 149], [150, 151], [150, 192], [151, 152], [151, 154], [155, 156], [155, 160], [160, 161], [160, 162], [165, 166], [165, 170], [171, 172], [171, 176], [177, 178], [177, 179], [179, 180], [179, 182]], "missing_branches": []}, "functional_view": {"executed_lines": [263, 265, 266, 267, 312, 316, 317, 325, 326, 327, 328, 329, 330, 331, 332, 333, 334, 335, 336, 337, 339, 340, 341, 342, 343, 344, 345, 349, 350, 351, 358, 360, 406, 407, 409, 412, 413, 414, 415, 416, 417, 418, 419, 420, 421, 422, 423, 424, 425, 426, 427, 428, 429, 430, 431, 432, 433, 434, 435, 436, 437, 438, 439, 440, 441, 442, 443, 444, 445, 446, 447, 448, 449, 450, 451, 452, 453, 454, 456, 457, 458, 460, 462, 465, 466, 471, 481, 482, 484, 487, 488, 490, 491, 492, 493, 494, 495, 501, 503, 546, 569, 570, 575, 576, 583, 584, 586, 587, 589, 590, 591, 592, 599, 600, 602, 603, 605, 606, 607, 613, 614, 615, 626, 628, 630, 638, 661, 662, 663], "summary": {"covered_lines": 129, "num_statements": 149, "percent_covered": 81.99052132701422, "percent_covered_display": "81.99", "missing_lines": 20, "excluded_lines": 0, "percent_statements_covered": 86.57718120805369, "percent_statements_covered_display": "86.58", "num_branches": 62, "num_partial_branches": 14, "covered_branches": 44, "missing_branches": 18, "percent_branches_covered": 70.96774193548387, "percent_branches_covered_display": "70.97"}, "missing_lines": [352, 353, 355, 408, 410, 461, 463, 467, 472, 473, 474, 475, 476, 485, 496, 497, 498, 499, 577, 627], "excluded_lines": [], "start_line": 195, "executed_branches": [[265, 266], [265, 325], [316, 317], [316, 325], [325, 326], [325, 465], [340, 341], [340, 349], [349, 350], [350, 351], [406, 407], [406, 412], [407, 409], [409, 406], [456, 457], [456, 460], [460, 462], [462, 465], [466, 471], [471, 481], [481, 482], [484, 487], [487, 488], [487, 490], [490, 491], [490, 501], [491, 492], [491, 493], [494, 495], [569, 570], [569, 583], [575, 576], [575, 583], [576, 575], [586, 587], [591, 592], [591, 599], [606, 607], [606, 630], [613, 614], [613, 615], [626, 628], [661, 662], [661, 663]], "missing_branches": [[349, 360], [350, 352], [352, 353], [352, 355], [407, 408], [409, 410], [460, 461], [462, 463], [466, 467], [471, 472], [481, 484], [484, 485], [494, 496], [496, 497], [496, 501], [576, 577], [586, 589], [626, 627]]}, "_build_graph": {"executed_lines": [722, 731, 732, 733, 735, 736, 737, 738, 740, 741, 742, 744, 745, 746, 747, 760, 761, 763, 764, 765, 766, 767, 768, 771, 772, 773, 774, 775, 779, 780, 781, 782, 783, 786, 787, 788, 789, 790, 791, 792, 793, 795, 796, 797, 798, 809, 810, 811, 812, 813, 815, 816, 818, 819, 820, 828, 829, 830, 832, 833, 835, 837, 853, 855, 856, 858, 859], "summary": {"covered_lines": 67, "num_statements": 85, "percent_covered": 73.6, "percent_covered_display": "73.60", "missing_lines": 18, "excluded_lines": 0, "percent_statements_covered": 78.82352941176471, "percent_statements_covered_display": "78.82", "num_branches": 40, "num_partial_branches": 5, "covered_branches": 25, "missing_branches": 15, "percent_branches_covered": 62.5, "percent_branches_covered_display": "62.50"}, "missing_lines": [769, 770, 776, 777, 784, 800, 802, 803, 804, 806, 807, 814, 821, 822, 823, 824, 825, 826], "excluded_lines": [], "start_line": 666, "executed_branches": [[735, 736], [735, 853], [740, 741], [740, 744], [763, 764], [763, 779], [765, 766], [765, 771], [772, 773], [772, 779], [780, 781], [780, 782], [783, 786], [786, 787], [786, 832], [791, 792], [791, 809], [795, 796], [797, 798], [810, 811], [810, 832], [813, 818], [818, 819], [855, 856], [855, 858]], "missing_branches": [[783, 784], [795, 802], [797, 800], [802, 803], [802, 806], [803, 804], [803, 809], [806, 807], [806, 809], [813, 814], [818, 821], [821, 822], [821, 824], [824, 825], [824, 832]]}, "_build_graph.resolve_style": {"executed_lines": [723, 724, 725, 726, 727, 728, 729], "summary": {"covered_lines": 7, "num_statements": 7, "percent_covered": 100.0, "percent_covered_display": "100.00", "missing_lines": 0, "excluded_lines": 0, "percent_statements_covered": 100.0, "percent_statements_covered_display": "100.00", "num_branches": 6, "num_partial_branches": 0, "covered_branches": 6, "missing_branches": 0, "percent_branches_covered": 100.0, "percent_branches_covered_display": "100.00"}, "missing_lines": [], "excluded_lines": [], "start_line": 722, "executed_branches": [[724, 725], [724, 727], [725, 724], [725, 726], [727, 728], [727, 729]], "missing_branches": []}, "_collect_edges": {"executed_lines": [863, 864, 865, 866, 867, 868, 870, 871, 872, 873, 874, 875], "summary": {"covered_lines": 12, "num_statements": 13, "percent_covered": 90.47619047619048, "percent_covered_display": "90.48", "missing_lines": 1, "excluded_lines": 0, "percent_statements_covered": 92.3076923076923, "percent_statements_covered_display": "92.31", "num_branches": 8, "num_partial_branches": 1, "covered_branches": 7, "missing_branches": 1, "percent_branches_covered": 87.5, "percent_branches_covered_display": "87.50"}, "missing_lines": [869], "excluded_lines": [], "start_line": 862, "executed_branches": [[865, 866], [865, 875], [866, 865], [866, 867], [868, 870], [871, 872], [871, 873]], "missing_branches": [[868, 869]]}, "_attach_output_nodes": {"executed_lines": [884, 885, 886, 887, 889, 891, 892, 893, 894, 895, 907, 908, 910], "summary": {"covered_lines": 13, "num_statements": 13, "percent_covered": 100.0, "percent_covered_display": "100.00", "missing_lines": 0, "excluded_lines": 0, "percent_statements_covered": 100.0, "percent_statements_covered_display": "100.00", "num_branches": 4, "num_partial_branches": 0, "covered_branches": 4, "missing_branches": 0, "percent_branches_covered": 100.0, "percent_branches_covered_display": "100.00"}, "missing_lines": [], "excluded_lines": [], "start_line": 878, "executed_branches": [[891, 892], [891, 910], [907, 891], [907, 908]], "missing_branches": []}, "_find_inputs_outputs": {"executed_lines": [917, 918, 919, 920, 921, 922, 923, 924], "summary": {"covered_lines": 8, "num_statements": 8, "percent_covered": 100.0, "percent_covered_display": "100.00", "missing_lines": 0, "excluded_lines": 0, "percent_statements_covered": 100.0, "percent_statements_covered_display": "100.00", "num_branches": 2, "num_partial_branches": 0, "covered_branches": 2, "missing_branches": 0, "percent_branches_covered": 100.0, "percent_branches_covered_display": "100.00"}, "missing_lines": [], "excluded_lines": [], "start_line": 913, "executed_branches": [[919, 920], [919, 922]], "missing_branches": []}, "_build_edge_index": {"executed_lines": [931, 932, 933, 934, 935, 936, 937, 938], "summary": {"covered_lines": 8, "num_statements": 8, "percent_covered": 100.0, "percent_covered_display": "100.00", "missing_lines": 0, "excluded_lines": 0, "percent_statements_covered": 100.0, "percent_statements_covered_display": "100.00", "num_branches": 4, "num_partial_branches": 0, "covered_branches": 4, "missing_branches": 0, "percent_branches_covered": 100.0, "percent_branches_covered_display": "100.00"}, "missing_lines": [], "excluded_lines": [], "start_line": 927, "executed_branches": [[933, 934], [933, 938], [934, 935], [934, 936]], "missing_branches": []}, "_node_matches_collapse_selector": {"executed_lines": [942, 943, 944, 945, 946, 947], "summary": {"covered_lines": 6, "num_statements": 6, "percent_covered": 100.0, "percent_covered_display": "100.00", "missing_lines": 0, "excluded_lines": 0, "percent_statements_covered": 100.0, "percent_statements_covered_display": "100.00", "num_branches": 2, "num_partial_branches": 0, "covered_branches": 2, "missing_branches": 0, "percent_branches_covered": 100.0, "percent_branches_covered_display": "100.00"}, "missing_lines": [], "excluded_lines": [], "start_line": 941, "executed_branches": [[942, 943], [942, 944]], "missing_branches": []}, "_find_first_collapse_sequence": {"executed_lines": [968, 969, 970, 971, 973, 974, 976, 979, 980, 982, 983, 984, 985, 986, 987, 989, 990, 991, 993, 994, 995, 998, 999, 1002, 1003, 1006, 1007, 1010, 1011, 1012, 1013, 1014, 1016, 1017, 1019], "summary": {"covered_lines": 35, "num_statements": 44, "percent_covered": 79.41176470588235, "percent_covered_display": "79.41", "missing_lines": 9, "excluded_lines": 0, "percent_statements_covered": 79.54545454545455, "percent_statements_covered_display": "79.55", "num_branches": 24, "num_partial_branches": 5, "covered_branches": 19, "missing_branches": 5, "percent_branches_covered": 79.16666666666667, "percent_branches_covered_display": "79.17"}, "missing_lines": [977, 996, 997, 1000, 1001, 1004, 1005, 1008, 1009], "excluded_lines": [], "start_line": 950, "executed_branches": [[970, 971], [970, 973], [976, 979], [982, 983], [982, 1019], [984, 985], [984, 986], [986, 987], [986, 989], [993, 994], [993, 1016], [995, 998], [999, 1002], [1003, 1006], [1007, 1010], [1010, 1011], [1010, 1013], [1016, 982], [1016, 1017]], "missing_branches": [[976, 977], [995, 996], [999, 1000], [1003, 1004], [1007, 1008]]}, "_collapse_node_sequence": {"executed_lines": [1045, 1048, 1049, 1050, 1051, 1052, 1053, 1055, 1056, 1057, 1058, 1062, 1063, 1070, 1071, 1072, 1073, 1074, 1075, 1076, 1077, 1078, 1079, 1080, 1082, 1106, 1107, 1109, 1110, 1111, 1112, 1113, 1114, 1115, 1117, 1118, 1119, 1120, 1122, 1123, 1124, 1126, 1127, 1129, 1130, 1132, 1133, 1135, 1136], "summary": {"covered_lines": 49, "num_statements": 56, "percent_covered": 82.05128205128206, "percent_covered_display": "82.05", "missing_lines": 7, "excluded_lines": 0, "percent_statements_covered": 87.5, "percent_statements_covered_display": "87.50", "num_branches": 22, "num_partial_branches": 7, "covered_branches": 15, "missing_branches": 7, "percent_branches_covered": 68.18181818181819, "percent_branches_covered_display": "68.18"}, "missing_lines": [1046, 1064, 1068, 1121, 1125, 1128, 1131], "excluded_lines": [], "start_line": 1022, "executed_branches": [[1045, 1048], [1063, 1070], [1078, 1079], [1113, 1114], [1113, 1135], [1117, 1118], [1117, 1119], [1119, 1120], [1119, 1123], [1120, 1122], [1123, 1124], [1123, 1127], [1124, 1126], [1127, 1129], [1130, 1132]], "missing_branches": [[1045, 1046], [1063, 1064], [1078, 1082], [1120, 1121], [1124, 1125], [1127, 1128], [1130, 1131]]}, "_collapse_graph_with_rules": {"executed_lines": [1160, 1161, 1163, 1164, 1165, 1166, 1167, 1168, 1169, 1170, 1176, 1177], "summary": {"covered_lines": 12, "num_statements": 12, "percent_covered": 100.0, "percent_covered_display": "100.00", "missing_lines": 0, "excluded_lines": 0, "percent_statements_covered": 100.0, "percent_statements_covered_display": "100.00", "num_branches": 6, "num_partial_branches": 0, "covered_branches": 6, "missing_branches": 0, "percent_branches_covered": 100.0, "percent_branches_covered_display": "100.00"}, "missing_lines": [], "excluded_lines": [], "start_line": 1139, "executed_branches": [[1160, 1161], [1160, 1163], [1165, 1166], [1165, 1177], [1168, 1169], [1168, 1170]], "missing_branches": []}, "_assign_ranks": {"executed_lines": [1184, 1185, 1186, 1187, 1188, 1190, 1194, 1196, 1197, 1198, 1199, 1200, 1201, 1202, 1204, 1205, 1206, 1207, 1208, 1215, 1216, 1217], "summary": {"covered_lines": 22, "num_statements": 22, "percent_covered": 100.0, "percent_covered_display": "100.00", "missing_lines": 0, "excluded_lines": 0, "percent_statements_covered": 100.0, "percent_statements_covered_display": "100.00", "num_branches": 14, "num_partial_branches": 0, "covered_branches": 14, "missing_branches": 0, "percent_branches_covered": 100.0, "percent_branches_covered_display": "100.00"}, "missing_lines": [], "excluded_lines": [], "start_line": 1180, "executed_branches": [[1186, 1187], [1186, 1190], [1196, 1197], [1196, 1204], [1198, 1196], [1198, 1199], [1201, 1198], [1201, 1202], [1204, 1205], [1204, 1215], [1206, 1207], [1206, 1208], [1215, 1216], [1215, 1217]], "missing_branches": []}, "_expand_long_edges": {"executed_lines": [1225, 1228, 1229, 1230, 1232, 1233, 1234, 1235, 1236, 1237, 1238, 1240, 1241, 1242, 1243, 1244, 1245, 1246, 1261, 1262, 1263, 1264, 1266, 1268, 1269], "summary": {"covered_lines": 25, "num_statements": 26, "percent_covered": 94.11764705882354, "percent_covered_display": "94.12", "missing_lines": 1, "excluded_lines": 0, "percent_statements_covered": 96.15384615384616, "percent_statements_covered_display": "96.15", "num_branches": 8, "num_partial_branches": 1, "covered_branches": 7, "missing_branches": 1, "percent_branches_covered": 87.5, "percent_branches_covered_display": "87.50"}, "missing_lines": [1226], "excluded_lines": [], "start_line": 1220, "executed_branches": [[1225, 1228], [1232, 1233], [1232, 1268], [1236, 1237], [1236, 1240], [1241, 1242], [1241, 1266]], "missing_branches": [[1225, 1226]]}, "_mark_inputs_outputs": {"executed_lines": [1273, 1274, 1275, 1276, 1277, 1278, 1279, 1280], "summary": {"covered_lines": 8, "num_statements": 8, "percent_covered": 93.75, "percent_covered_display": "93.75", "missing_lines": 0, "excluded_lines": 0, "percent_statements_covered": 100.0, "percent_statements_covered_display": "100.00", "num_branches": 8, "num_partial_branches": 1, "covered_branches": 7, "missing_branches": 1, "percent_branches_covered": 87.5, "percent_branches_covered_display": "87.50"}, "missing_lines": [], "excluded_lines": [], "start_line": 1272, "executed_branches": [[1273, 1274], [1273, 1277], [1275, 1276], [1277, -1272], [1277, 1278], [1279, 1277], [1279, 1280]], "missing_branches": [[1275, 1273]]}, "_split_components": {"executed_lines": [1287, 1288, 1289, 1290, 1292, 1293, 1295, 1296, 1297, 1298, 1299, 1300, 1301, 1302, 1303, 1304, 1305, 1306, 1307, 1308, 1310], "summary": {"covered_lines": 21, "num_statements": 21, "percent_covered": 100.0, "percent_covered_display": "100.00", "missing_lines": 0, "excluded_lines": 0, "percent_statements_covered": 100.0, "percent_statements_covered_display": "100.00", "num_branches": 12, "num_partial_branches": 0, "covered_branches": 12, "missing_branches": 0, "percent_branches_covered": 100.0, "percent_branches_covered_display": "100.00"}, "missing_lines": [], "excluded_lines": [], "start_line": 1283, "executed_branches": [[1288, 1289], [1288, 1292], [1295, 1296], [1295, 1310], [1296, 1297], [1296, 1298], [1301, 1302], [1301, 1308], [1304, 1301], [1304, 1305], [1305, 1304], [1305, 1306]], "missing_branches": []}, "_component_sort_key": {"executed_lines": [1314, 1315, 1316], "summary": {"covered_lines": 3, "num_statements": 3, "percent_covered": 100.0, "percent_covered_display": "100.00", "missing_lines": 0, "excluded_lines": 0, "percent_statements_covered": 100.0, "percent_statements_covered_display": "100.00", "num_branches": 0, "num_partial_branches": 0, "covered_branches": 0, "missing_branches": 0, "percent_branches_covered": 100.0, "percent_branches_covered_display": "100.00"}, "missing_lines": [], "excluded_lines": [], "start_line": 1313, "executed_branches": [], "missing_branches": []}, "_order_by_barycenter": {"executed_lines": [1326, 1327, 1335, 1336, 1337, 1338, 1339, 1340, 1342, 1343, 1344, 1346, 1347, 1348, 1349, 1350, 1352, 1353, 1354, 1357, 1359, 1360, 1363, 1365, 1366, 1367, 1369], "summary": {"covered_lines": 27, "num_statements": 27, "percent_covered": 100.0, "percent_covered_display": "100.00", "missing_lines": 0, "excluded_lines": 0, "percent_statements_covered": 100.0, "percent_statements_covered_display": "100.00", "num_branches": 20, "num_partial_branches": 0, "covered_branches": 20, "missing_branches": 0, "percent_branches_covered": 100.0, "percent_branches_covered_display": "100.00"}, "missing_lines": [], "excluded_lines": [], "start_line": 1319, "executed_branches": [[1337, 1338], [1337, 1339], [1339, 1340], [1339, 1342], [1346, 1347], [1346, 1352], [1347, 1348], [1347, 1350], [1348, 1347], [1348, 1349], [1352, 1353], [1352, 1365], [1353, 1354], [1353, 1359], [1359, 1352], [1359, 1360], [1365, 1366], [1365, 1369], [1366, 1365], [1366, 1367]], "missing_branches": []}, "_barycenter_key": {"executed_lines": [1378, 1379, 1380, 1381, 1384], "summary": {"covered_lines": 5, "num_statements": 6, "percent_covered": 75.0, "percent_covered_display": "75.00", "missing_lines": 1, "excluded_lines": 0, "percent_statements_covered": 83.33333333333333, "percent_statements_covered_display": "83.33", "num_branches": 2, "num_partial_branches": 1, "covered_branches": 1, "missing_branches": 1, "percent_branches_covered": 50.0, "percent_branches_covered_display": "50.00"}, "missing_lines": [1383], "excluded_lines": [], "start_line": 1372, "executed_branches": [[1380, 1381]], "missing_branches": [[1380, 1383]]}, "_compute_external_text_padding": {"executed_lines": [1400, 1401, 1402, 1404, 1409, 1410, 1411, 1412, 1415, 1416, 1417, 1420, 1421, 1423, 1424, 1425, 1427, 1429], "summary": {"covered_lines": 18, "num_statements": 20, "percent_covered": 86.66666666666667, "percent_covered_display": "86.67", "missing_lines": 2, "excluded_lines": 0, "percent_statements_covered": 90.0, "percent_statements_covered_display": "90.00", "num_branches": 10, "num_partial_branches": 2, "covered_branches": 8, "missing_branches": 2, "percent_branches_covered": 80.0, "percent_branches_covered_display": "80.00"}, "missing_lines": [1413, 1418], "excluded_lines": [], "start_line": 1387, "executed_branches": [[1409, 1410], [1409, 1429], [1412, 1415], [1416, 1417], [1416, 1421], [1417, 1420], [1424, 1425], [1424, 1427]], "missing_branches": [[1412, 1413], [1417, 1418]]}, "_resolve_external_label_x_collisions": {"executed_lines": [1446, 1449, 1450, 1451, 1452, 1454, 1455, 1456, 1457, 1458, 1459, 1460, 1462, 1463, 1464, 1465, 1467, 1468, 1469, 1471, 1472, 1473, 1475, 1476, 1477, 1479, 1480, 1486, 1487, 1488, 1490, 1491, 1492, 1494, 1495, 1496, 1497, 1498, 1500, 1501], "summary": {"covered_lines": 40, "num_statements": 45, "percent_covered": 86.95652173913044, "percent_covered_display": "86.96", "missing_lines": 5, "excluded_lines": 0, "percent_statements_covered": 88.88888888888889, "percent_statements_covered_display": "88.89", "num_branches": 24, "num_partial_branches": 2, "covered_branches": 20, "missing_branches": 4, "percent_branches_covered": 83.33333333333333, "percent_branches_covered_display": "83.33"}, "missing_lines": [1447, 1481, 1482, 1483, 1484], "excluded_lines": [], "start_line": 1432, "executed_branches": [[1446, 1449], [1454, 1455], [1454, 1465], [1458, 1459], [1458, 1462], [1471, -1432], [1471, 1472], [1472, 1473], [1472, 1475], [1480, 1486], [1487, 1488], [1487, 1490], [1491, 1492], [1491, 1494], [1494, 1495], [1494, 1500], [1496, 1497], [1496, 1500], [1500, 1471], [1500, 1501]], "missing_branches": [[1446, 1447], [1480, 1481], [1482, 1483], [1482, 1500]]}, "_positions_from_rank_nodes": {"executed_lines": [1505, 1506, 1507, 1508, 1509], "summary": {"covered_lines": 5, "num_statements": 5, "percent_covered": 100.0, "percent_covered_display": "100.00", "missing_lines": 0, "excluded_lines": 0, "percent_statements_covered": 100.0, "percent_statements_covered_display": "100.00", "num_branches": 4, "num_partial_branches": 0, "covered_branches": 4, "missing_branches": 0, "percent_branches_covered": 100.0, "percent_branches_covered_display": "100.00"}, "missing_lines": [], "excluded_lines": [], "start_line": 1504, "executed_branches": [[1506, 1507], [1506, 1509], [1507, 1506], [1507, 1508]], "missing_branches": []}, "_assign_component_positions": {"executed_lines": [1524, 1525, 1526, 1527, 1528, 1530, 1531, 1532, 1534, 1535, 1537, 1538, 1539, 1540, 1545, 1546, 1547, 1548, 1550, 1551, 1552, 1554, 1555, 1557, 1558, 1559, 1560, 1561, 1562, 1563, 1564, 1565, 1566, 1567, 1569], "summary": {"covered_lines": 35, "num_statements": 39, "percent_covered": 84.7457627118644, "percent_covered_display": "84.75", "missing_lines": 4, "excluded_lines": 0, "percent_statements_covered": 89.74358974358974, "percent_statements_covered_display": "89.74", "num_branches": 20, "num_partial_branches": 5, "covered_branches": 15, "missing_branches": 5, "percent_branches_covered": 75.0, "percent_branches_covered_display": "75.00"}, "missing_lines": [1533, 1536, 1553, 1556], "excluded_lines": [], "start_line": 1512, "executed_branches": [[1530, 1531], [1530, 1550], [1532, 1534], [1535, 1537], [1538, 1539], [1538, 1545], [1545, 1546], [1545, 1547], [1550, 1551], [1550, 1569], [1552, 1554], [1555, 1557], [1559, 1560], [1559, 1566], [1566, 1567]], "missing_branches": [[1532, 1533], [1535, 1536], [1552, 1553], [1555, 1556], [1566, 1550]]}, "_column_widths": {"executed_lines": [1573, 1574, 1575, 1576, 1577], "summary": {"covered_lines": 5, "num_statements": 5, "percent_covered": 100.0, "percent_covered_display": "100.00", "missing_lines": 0, "excluded_lines": 0, "percent_statements_covered": 100.0, "percent_statements_covered_display": "100.00", "num_branches": 2, "num_partial_branches": 0, "covered_branches": 2, "missing_branches": 0, "percent_branches_covered": 100.0, "percent_branches_covered_display": "100.00"}, "missing_lines": [], "excluded_lines": [], "start_line": 1572, "executed_branches": [[1574, 1575], [1574, 1577]], "missing_branches": []}, "_column_positions": {"executed_lines": [1581, 1582, 1583, 1584, 1585, 1586, 1587, 1588, 1589], "summary": {"covered_lines": 9, "num_statements": 9, "percent_covered": 100.0, "percent_covered_display": "100.00", "missing_lines": 0, "excluded_lines": 0, "percent_statements_covered": 100.0, "percent_statements_covered_display": "100.00", "num_branches": 4, "num_partial_branches": 0, "covered_branches": 4, "missing_branches": 0, "percent_branches_covered": 100.0, "percent_branches_covered_display": "100.00"}, "missing_lines": [], "excluded_lines": [], "start_line": 1580, "executed_branches": [[1581, 1582], [1581, 1583], [1586, 1587], [1586, 1589]], "missing_branches": []}, "_get_font": {"executed_lines": [1593, 1594, 1596, 1597, 1598, 1601, 1606, 1609], "summary": {"covered_lines": 8, "num_statements": 15, "percent_covered": 57.142857142857146, "percent_covered_display": "57.14", "missing_lines": 7, "excluded_lines": 0, "percent_statements_covered": 53.333333333333336, "percent_statements_covered_display": "53.33", "num_branches": 6, "num_partial_branches": 2, "covered_branches": 4, "missing_branches": 2, "percent_branches_covered": 66.66666666666667, "percent_branches_covered_display": "66.67"}, "missing_lines": [1599, 1600, 1602, 1603, 1604, 1605, 1607], "excluded_lines": [], "start_line": 1592, "executed_branches": [[1596, 1597], [1596, 1601], [1601, 1606], [1606, 1609]], "missing_branches": [[1601, 1602], [1606, 1607]]}, "_measure_text": {"executed_lines": [1613, 1614, 1615], "summary": {"covered_lines": 3, "num_statements": 4, "percent_covered": 66.66666666666667, "percent_covered_display": "66.67", "missing_lines": 1, "excluded_lines": 0, "percent_statements_covered": 75.0, "percent_statements_covered_display": "75.00", "num_branches": 2, "num_partial_branches": 1, "covered_branches": 1, "missing_branches": 1, "percent_branches_covered": 50.0, "percent_branches_covered_display": "50.00"}, "missing_lines": [1617], "excluded_lines": [], "start_line": 1612, "executed_branches": [[1613, 1614]], "missing_branches": [[1613, 1617]]}, "_prettify_layer_name": {"executed_lines": [1623, 1624, 1625, 1627, 1628, 1629], "summary": {"covered_lines": 6, "num_statements": 6, "percent_covered": 100.0, "percent_covered_display": "100.00", "missing_lines": 0, "excluded_lines": 0, "percent_statements_covered": 100.0, "percent_statements_covered_display": "100.00", "num_branches": 2, "num_partial_branches": 0, "covered_branches": 2, "missing_branches": 0, "percent_branches_covered": 100.0, "percent_branches_covered_display": "100.00"}, "missing_lines": [], "excluded_lines": [], "start_line": 1622, "executed_branches": [[1623, 1624], [1623, 1625]], "missing_branches": []}, "_resolve_box_label": {"executed_lines": [1633, 1634, 1635, 1636, 1637, 1638, 1639, 1640, 1641, 1642, 1643, 1644], "summary": {"covered_lines": 12, "num_statements": 12, "percent_covered": 94.44444444444444, "percent_covered_display": "94.44", "missing_lines": 0, "excluded_lines": 0, "percent_statements_covered": 100.0, "percent_statements_covered_display": "100.00", "num_branches": 6, "num_partial_branches": 1, "covered_branches": 5, "missing_branches": 1, "percent_branches_covered": 83.33333333333333, "percent_branches_covered_display": "83.33"}, "missing_lines": [], "excluded_lines": [], "start_line": 1632, "executed_branches": [[1634, 1635], [1634, 1636], [1637, 1638], [1637, 1644], [1640, 1641]], "missing_branches": [[1640, 1644]]}, "_try_load_font": {"executed_lines": [], "summary": {"covered_lines": 0, "num_statements": 4, "percent_covered": 0.0, "percent_covered_display": "0.00", "missing_lines": 4, "excluded_lines": 0, "percent_statements_covered": 0.0, "percent_statements_covered_display": "0.00", "num_branches": 0, "num_partial_branches": 0, "covered_branches": 0, "missing_branches": 0, "percent_branches_covered": 100.0, "percent_branches_covered_display": "100.00"}, "missing_lines": [1648, 1649, 1650, 1651], "excluded_lines": [], "start_line": 1647, "executed_branches": [], "missing_branches": []}, "_is_font_like": {"executed_lines": [1655, 1656, 1657], "summary": {"covered_lines": 3, "num_statements": 3, "percent_covered": 100.0, "percent_covered_display": "100.00", "missing_lines": 0, "excluded_lines": 0, "percent_statements_covered": 100.0, "percent_statements_covered_display": "100.00", "num_branches": 2, "num_partial_branches": 0, "covered_branches": 2, "missing_branches": 0, "percent_branches_covered": 100.0, "percent_branches_covered_display": "100.00"}, "missing_lines": [], "excluded_lines": [], "start_line": 1654, "executed_branches": [[1655, 1656], [1655, 1657]], "missing_branches": []}, "_resolve_box_font": {"executed_lines": [1661, 1662, 1663, 1664, 1665, 1666, 1667, 1668, 1669, 1670, 1671, 1672, 1673, 1674], "summary": {"covered_lines": 14, "num_statements": 15, "percent_covered": 92.5925925925926, "percent_covered_display": "92.59", "missing_lines": 1, "excluded_lines": 0, "percent_statements_covered": 93.33333333333333, "percent_statements_covered_display": "93.33", "num_branches": 12, "num_partial_branches": 1, "covered_branches": 11, "missing_branches": 1, "percent_branches_covered": 91.66666666666667, "percent_branches_covered_display": "91.67"}, "missing_lines": [1675], "excluded_lines": [], "start_line": 1660, "executed_branches": [[1663, 1664], [1663, 1665], [1665, 1666], [1665, 1669], [1667, 1668], [1667, 1669], [1669, 1670], [1669, 1671], [1671, 1672], [1673, 1671], [1673, 1674]], "missing_branches": [[1671, 1675]]}, "_multiline_bbox": {"executed_lines": [1680, 1681, 1683, 1684, 1685, 1686, 1687, 1689, 1690, 1691, 1692, 1693, 1695], "summary": {"covered_lines": 13, "num_statements": 14, "percent_covered": 90.9090909090909, "percent_covered_display": "90.91", "missing_lines": 1, "excluded_lines": 0, "percent_statements_covered": 92.85714285714286, "percent_statements_covered_display": "92.86", "num_branches": 8, "num_partial_branches": 1, "covered_branches": 7, "missing_branches": 1, "percent_branches_covered": 87.5, "percent_branches_covered_display": "87.50"}, "missing_lines": [1694], "excluded_lines": [], "start_line": 1678, "executed_branches": [[1680, 1681], [1680, 1683], [1685, 1686], [1685, 1693], [1686, 1687], [1686, 1689], [1693, 1695]], "missing_branches": [[1693, 1694]]}, "_render_text_image_bbox": {"executed_lines": [1700, 1701, 1702, 1703, 1704, 1705, 1706, 1707, 1708], "summary": {"covered_lines": 9, "num_statements": 9, "percent_covered": 100.0, "percent_covered_display": "100.00", "missing_lines": 0, "excluded_lines": 0, "percent_statements_covered": 100.0, "percent_statements_covered_display": "100.00", "num_branches": 0, "num_partial_branches": 0, "covered_branches": 0, "missing_branches": 0, "percent_branches_covered": 100.0, "percent_branches_covered_display": "100.00"}, "missing_lines": [], "excluded_lines": [], "start_line": 1698, "executed_branches": [], "missing_branches": []}, "_wrap_text_to_width": {"executed_lines": [1712, 1713, 1714, 1715, 1717, 1718, 1719, 1720, 1721, 1722, 1723, 1724, 1726, 1727, 1728, 1729, 1730, 1731, 1732, 1733, 1734], "summary": {"covered_lines": 21, "num_statements": 22, "percent_covered": 94.44444444444444, "percent_covered_display": "94.44", "missing_lines": 1, "excluded_lines": 0, "percent_statements_covered": 95.45454545454545, "percent_statements_covered_display": "95.45", "num_branches": 14, "num_partial_branches": 1, "covered_branches": 13, "missing_branches": 1, "percent_branches_covered": 92.85714285714286, "percent_branches_covered_display": "92.86"}, "missing_lines": [1716], "excluded_lines": [], "start_line": 1711, "executed_branches": [[1713, 1714], [1713, 1715], [1715, 1717], [1720, 1721], [1720, 1730], [1723, 1724], [1723, 1726], [1728, 1720], [1728, 1729], [1730, 1731], [1730, 1732], [1732, 1733], [1732, 1734]], "missing_branches": [[1715, 1716]]}, "_draw_box_text_in_rect": {"executed_lines": [1762, 1764, 1765, 1766, 1768, 1769, 1770, 1772, 1774, 1775, 1777, 1778, 1779, 1780, 1781, 1782, 1783, 1784, 1785, 1789, 1791, 1792, 1794, 1795, 1796, 1797, 1801, 1802, 1804, 1806, 1807, 1809, 1816, 1817, 1818, 1819, 1820, 1821, 1822, 1824, 1825, 1830, 1831, 1832, 1834, 1836, 1837, 1839, 1840, 1841, 1842, 1844, 1846, 1847, 1848, 1849, 1851, 1853], "summary": {"covered_lines": 58, "num_statements": 66, "percent_covered": 86.95652173913044, "percent_covered_display": "86.96", "missing_lines": 8, "excluded_lines": 0, "percent_statements_covered": 87.87878787878788, "percent_statements_covered_display": "87.88", "num_branches": 26, "num_partial_branches": 4, "covered_branches": 22, "missing_branches": 4, "percent_branches_covered": 84.61538461538461, "percent_branches_covered_display": "84.62"}, "missing_lines": [1763, 1786, 1798, 1799, 1823, 1826, 1827, 1828], "excluded_lines": [], "start_line": 1737, "executed_branches": [[1762, 1764], [1769, 1770], [1769, 1772], [1779, 1780], [1779, 1781], [1785, 1789], [1817, 1818], [1817, 1830], [1819, 1820], [1819, 1830], [1822, 1824], [1825, 1819], [1831, 1832], [1831, 1834], [1839, 1840], [1839, 1841], [1841, 1842], [1841, 1844], [1846, 1847], [1846, 1848], [1848, 1849], [1848, 1851]], "missing_branches": [[1762, 1763], [1785, 1786], [1822, 1823], [1825, 1826]]}, "_draw_box_text_in_rect.measure_fit": {"executed_lines": [1810, 1811, 1812, 1813, 1814], "summary": {"covered_lines": 5, "num_statements": 5, "percent_covered": 100.0, "percent_covered_display": "100.00", "missing_lines": 0, "excluded_lines": 0, "percent_statements_covered": 100.0, "percent_statements_covered_display": "100.00", "num_branches": 0, "num_partial_branches": 0, "covered_branches": 0, "missing_branches": 0, "percent_branches_covered": 100.0, "percent_branches_covered_display": "100.00"}, "missing_lines": [], "excluded_lines": [], "start_line": 1809, "executed_branches": [], "missing_branches": []}, "_resolve_annotation_font": {"executed_lines": [1861, 1863, 1864, 1865, 1867, 1868], "summary": {"covered_lines": 6, "num_statements": 13, "percent_covered": 44.0, "percent_covered_display": "44.00", "missing_lines": 7, "excluded_lines": 0, "percent_statements_covered": 46.15384615384615, "percent_statements_covered_display": "46.15", "num_branches": 12, "num_partial_branches": 3, "covered_branches": 5, "missing_branches": 7, "percent_branches_covered": 41.666666666666664, "percent_branches_covered_display": "41.67"}, "missing_lines": [1862, 1866, 1869, 1870, 1871, 1872, 1873], "excluded_lines": [], "start_line": 1856, "executed_branches": [[1861, 1863], [1863, 1864], [1863, 1867], [1865, 1867], [1867, 1868]], "missing_branches": [[1861, 1862], [1865, 1866], [1867, 1869], [1869, 1870], [1869, 1873], [1871, 1869], [1871, 1872]]}, "_draw_collapse_badge": {"executed_lines": [1899, 1900, 1902, 1903, 1904, 1905, 1909, 1910, 1911, 1912, 1913, 1914, 1916, 1917, 1918, 1934], "summary": {"covered_lines": 16, "num_statements": 20, "percent_covered": 76.92307692307692, "percent_covered_display": "76.92", "missing_lines": 4, "excluded_lines": 0, "percent_statements_covered": 80.0, "percent_statements_covered_display": "80.00", "num_branches": 6, "num_partial_branches": 2, "covered_branches": 4, "missing_branches": 2, "percent_branches_covered": 66.66666666666667, "percent_branches_covered_display": "66.67"}, "missing_lines": [1907, 1925, 1926, 1933], "excluded_lines": [], "start_line": 1876, "executed_branches": [[1899, 1900], [1899, 1902], [1904, 1905], [1916, 1917]], "missing_branches": [[1904, 1907], [1916, 1933]]}, "_draw_collapse_block_annotation": {"executed_lines": [1964, 1965, 1968, 1969, 1970, 1971, 1972, 1973, 1974, 1976, 1977, 1980, 1982, 1983, 1984, 1988, 1993, 1995, 1996, 1997, 1998, 2001, 2002, 2003, 2007], "summary": {"covered_lines": 25, "num_statements": 29, "percent_covered": 80.48780487804878, "percent_covered_display": "80.49", "missing_lines": 4, "excluded_lines": 0, "percent_statements_covered": 86.20689655172414, "percent_statements_covered_display": "86.21", "num_branches": 12, "num_partial_branches": 4, "covered_branches": 8, "missing_branches": 4, "percent_branches_covered": 66.66666666666667, "percent_branches_covered_display": "66.67"}, "missing_lines": [1966, 1979, 1994, 2000], "excluded_lines": [], "start_line": 1937, "executed_branches": [[1965, 1968], [1970, 1971], [1970, 1973], [1973, 1974], [1973, 1976], [1976, 1977], [1993, 1995], [1997, 1998]], "missing_branches": [[1965, 1966], [1976, 1979], [1993, 1994], [1997, 2000]]}, "_draw_collapsed_annotations": {"executed_lines": [2031, 2034, 2035, 2036, 2037, 2039, 2041, 2042, 2043, 2048, 2059, 2063, 2064, 2069, 2070, 2072], "summary": {"covered_lines": 16, "num_statements": 19, "percent_covered": 74.19354838709677, "percent_covered_display": "74.19", "missing_lines": 3, "excluded_lines": 0, "percent_statements_covered": 84.21052631578948, "percent_statements_covered_display": "84.21", "num_branches": 12, "num_partial_branches": 5, "covered_branches": 7, "missing_branches": 5, "percent_branches_covered": 58.333333333333336, "percent_branches_covered_display": "58.33"}, "missing_lines": [2032, 2038, 2071], "excluded_lines": [], "start_line": 2010, "executed_branches": [[2031, 2034], [2035, -2010], [2035, 2036], [2037, 2039], [2041, 2042], [2059, 2063], [2070, 2072]], "missing_branches": [[2031, 2032], [2037, 2038], [2041, 2059], [2059, 2035], [2070, 2071]]}, "_render_graph": {"executed_lines": [2142, 2143, 2144, 2145, 2146, 2147, 2153, 2154, 2156, 2157, 2158, 2159, 2160, 2161, 2163, 2164, 2165, 2167, 2168, 2169, 2170, 2171, 2172, 2173, 2174, 2176, 2177, 2178, 2179, 2180, 2182, 2183, 2184, 2185, 2186, 2187, 2189, 2190, 2191, 2192, 2194, 2195, 2197, 2198, 2199, 2200, 2201, 2202, 2203, 2207, 2208, 2209, 2210, 2211, 2213, 2214, 2215, 2217, 2218, 2220, 2230, 2232, 2233, 2235, 2236, 2239, 2240, 2241, 2242, 2243, 2245, 2246, 2247, 2248, 2249, 2250, 2251, 2253, 2254, 2255, 2256, 2257, 2258, 2259, 2261, 2262, 2263, 2264, 2266, 2267, 2268, 2269, 2270, 2271, 2272, 2273, 2274, 2276, 2277, 2278, 2279, 2280, 2281, 2282, 2283, 2284, 2285, 2286, 2287, 2288, 2290, 2291, 2292, 2293, 2294, 2296, 2297, 2298, 2299, 2301, 2302, 2304, 2305, 2307, 2308, 2310, 2311, 2312, 2317, 2318, 2320, 2322, 2325, 2327, 2344, 2350, 2355, 2357, 2358, 2359, 2360, 2370, 2371, 2372, 2373, 2374, 2375, 2380, 2381, 2382, 2383, 2385, 2386, 2387, 2388, 2392, 2393, 2394, 2395, 2397, 2398, 2399, 2401, 2402, 2404, 2406, 2407, 2409, 2411, 2412, 2423, 2430, 2431, 2439, 2440, 2448, 2449, 2451, 2452, 2454, 2456], "summary": {"covered_lines": 181, "num_statements": 208, "percent_covered": 83.01282051282051, "percent_covered_display": "83.01", "missing_lines": 27, "excluded_lines": 0, "percent_statements_covered": 87.01923076923077, "percent_statements_covered_display": "87.02", "num_branches": 104, "num_partial_branches": 20, "covered_branches": 78, "missing_branches": 26, "percent_branches_covered": 75.0, "percent_branches_covered_display": "75.00"}, "missing_lines": [2204, 2205, 2237, 2313, 2314, 2315, 2321, 2323, 2328, 2330, 2331, 2333, 2334, 2335, 2337, 2339, 2340, 2342, 2345, 2346, 2347, 2348, 2351, 2384, 2389, 2390, 2453], "excluded_lines": [], "start_line": 2086, "executed_branches": [[2144, 2145], [2144, 2156], [2147, 2144], [2147, 2153], [2156, 2157], [2156, 2163], [2157, 2158], [2157, 2163], [2159, 2160], [2159, 2161], [2163, 2164], [2163, 2197], [2167, 2168], [2167, 2197], [2169, 2170], [2169, 2171], [2185, 2186], [2198, 2199], [2198, 2213], [2199, 2200], [2199, 2213], [2201, 2202], [2208, 2199], [2208, 2209], [2209, 2210], [2217, 2218], [2217, 2220], [2235, 2236], [2235, 2355], [2236, 2239], [2239, 2240], [2239, 2296], [2246, 2247], [2248, 2249], [2250, 2251], [2254, 2255], [2256, 2257], [2258, 2259], [2266, 2267], [2266, 2276], [2276, 2277], [2276, 2290], [2286, 2287], [2286, 2288], [2290, 2291], [2290, 2292], [2292, 2293], [2292, 2294], [2312, 2317], [2320, 2322], [2322, 2325], [2327, 2344], [2344, 2350], [2350, 2235], [2357, 2358], [2357, 2370], [2358, 2359], [2358, 2370], [2370, 2371], [2370, 2439], [2371, 2372], [2380, 2381], [2380, 2423], [2383, 2385], [2387, 2388], [2387, 2395], [2388, 2392], [2406, 2407], [2406, 2409], [2430, 2431], [2430, 2439], [2439, 2440], [2439, 2448], [2448, 2449], [2448, 2451], [2451, 2452], [2451, 2456], [2452, 2454]], "missing_branches": [[2185, 2167], [2201, 2199], [2209, 2211], [2236, 2237], [2246, 2248], [2248, 2250], [2250, 2253], [2254, 2256], [2256, 2258], [2258, 2261], [2312, 2313], [2320, 2321], [2322, 2323], [2327, 2328], [2334, 2335], [2334, 2337], [2339, 2340], [2339, 2342], [2344, 2345], [2346, 2347], [2346, 2348], [2350, 2351], [2371, 2373], [2383, 2384], [2388, 2389], [2452, 2453]]}, "_straighten_layout": {"executed_lines": [2470, 2471, 2472, 2473, 2474, 2475, 2477, 2479, 2480, 2481, 2482, 2483, 2485, 2489, 2494, 2519, 2520, 2521, 2522, 2523, 2524, 2525, 2526, 2527, 2528, 2530, 2532, 2533, 2534, 2535, 2536, 2537, 2538, 2539, 2540, 2541, 2543], "summary": {"covered_lines": 37, "num_statements": 37, "percent_covered": 100.0, "percent_covered_display": "100.00", "missing_lines": 0, "excluded_lines": 0, "percent_statements_covered": 100.0, "percent_statements_covered_display": "100.00", "num_branches": 20, "num_partial_branches": 0, "covered_branches": 20, "missing_branches": 0, "percent_branches_covered": 100.0, "percent_branches_covered_display": "100.00"}, "missing_lines": [], "excluded_lines": [], "start_line": 2458, "executed_branches": [[2473, 2474], [2473, 2477], [2481, 2482], [2481, 2485], [2519, 2520], [2519, 2532], [2521, 2522], [2521, 2530], [2523, 2521], [2523, 2524], [2525, 2521], [2525, 2526], [2532, -2458], [2532, 2533], [2534, 2535], [2534, 2543], [2536, 2534], [2536, 2537], [2538, 2534], [2538, 2539]], "missing_branches": []}, "_straighten_layout.get_visual_center": {"executed_lines": [2486, 2487], "summary": {"covered_lines": 2, "num_statements": 2, "percent_covered": 100.0, "percent_covered_display": "100.00", "missing_lines": 0, "excluded_lines": 0, "percent_statements_covered": 100.0, "percent_statements_covered_display": "100.00", "num_branches": 0, "num_partial_branches": 0, "covered_branches": 0, "missing_branches": 0, "percent_branches_covered": 100.0, "percent_branches_covered_display": "100.00"}, "missing_lines": [], "excluded_lines": [], "start_line": 2485, "executed_branches": [], "missing_branches": []}, "_straighten_layout.set_visual_center": {"executed_lines": [2490, 2491, 2492], "summary": {"covered_lines": 3, "num_statements": 3, "percent_covered": 100.0, "percent_covered_display": "100.00", "missing_lines": 0, "excluded_lines": 0, "percent_statements_covered": 100.0, "percent_statements_covered_display": "100.00", "num_branches": 0, "num_partial_branches": 0, "covered_branches": 0, "missing_branches": 0, "percent_branches_covered": 100.0, "percent_branches_covered_display": "100.00"}, "missing_lines": [], "excluded_lines": [], "start_line": 2489, "executed_branches": [], "missing_branches": []}, "_straighten_layout.resolve_collisions": {"executed_lines": [2495, 2496, 2499, 2501, 2502, 2503, 2504, 2505, 2506, 2513, 2516, 2517], "summary": {"covered_lines": 12, "num_statements": 14, "percent_covered": 81.81818181818181, "percent_covered_display": "81.82", "missing_lines": 2, "excluded_lines": 0, "percent_statements_covered": 85.71428571428571, "percent_statements_covered_display": "85.71", "num_branches": 8, "num_partial_branches": 2, "covered_branches": 6, "missing_branches": 2, "percent_branches_covered": 75.0, "percent_branches_covered_display": "75.00"}, "missing_lines": [2497, 2514], "excluded_lines": [], "start_line": 2494, "executed_branches": [[2496, 2499], [2501, 2502], [2501, 2516], [2513, 2501], [2516, -2494], [2516, 2517]], "missing_branches": [[2496, 2497], [2513, 2514]]}, "_get_group_nodes": {"executed_lines": [2553, 2554, 2557, 2558, 2559, 2560, 2563, 2564, 2565, 2566, 2567], "summary": {"covered_lines": 11, "num_statements": 14, "percent_covered": 79.16666666666667, "percent_covered_display": "79.17", "missing_lines": 3, "excluded_lines": 0, "percent_statements_covered": 78.57142857142857, "percent_statements_covered_display": "78.57", "num_branches": 10, "num_partial_branches": 2, "covered_branches": 8, "missing_branches": 2, "percent_branches_covered": 80.0, "percent_branches_covered_display": "80.00"}, "missing_lines": [2555, 2561, 2562], "excluded_lines": [], "start_line": 2546, "executed_branches": [[2554, 2557], [2558, 2559], [2558, 2567], [2559, 2558], [2559, 2560], [2560, 2563], [2564, 2559], [2564, 2565]], "missing_branches": [[2554, 2555], [2560, 2561]]}, "_draw_group_boxes": {"executed_lines": [2582, 2583, 2584, 2585, 2587, 2588, 2589, 2590, 2592, 2593, 2594, 2595, 2596, 2598, 2599, 2600, 2602, 2603, 2605, 2606, 2608], "summary": {"covered_lines": 21, "num_statements": 21, "percent_covered": 100.0, "percent_covered_display": "100.00", "missing_lines": 0, "excluded_lines": 0, "percent_statements_covered": 100.0, "percent_statements_covered_display": "100.00", "num_branches": 4, "num_partial_branches": 0, "covered_branches": 4, "missing_branches": 0, "percent_branches_covered": 100.0, "percent_branches_covered_display": "100.00"}, "missing_lines": [], "excluded_lines": [], "start_line": 2570, "executed_branches": [[2582, -2570], [2582, 2583], [2584, 2585], [2584, 2587]], "missing_branches": []}, "_draw_group_captions": {"executed_lines": [2625, 2626, 2627, 2628, 2631, 2632, 2633, 2635, 2636, 2637, 2638, 2640, 2641, 2642, 2643, 2645, 2646, 2647, 2649, 2651, 2652, 2653, 2655], "summary": {"covered_lines": 23, "num_statements": 24, "percent_covered": 93.33333333333333, "percent_covered_display": "93.33", "missing_lines": 1, "excluded_lines": 0, "percent_statements_covered": 95.83333333333333, "percent_statements_covered_display": "95.83", "num_branches": 6, "num_partial_branches": 1, "covered_branches": 5, "missing_branches": 1, "percent_branches_covered": 83.33333333333333, "percent_branches_covered_display": "83.33"}, "missing_lines": [2629], "excluded_lines": [], "start_line": 2611, "executed_branches": [[2626, -2611], [2626, 2627], [2628, 2631], [2632, 2633], [2632, 2635]], "missing_branches": [[2628, 2629]]}, "_draw_connectors": {"executed_lines": [2684, 2685, 2687, 2688, 2689, 2690, 2692, 2714, 2715, 2716, 2717, 2718, 2719, 2720, 2721, 2722, 2723, 2724, 2725, 2726, 2728, 2729, 2730, 2731, 2733, 2756, 2757, 2758, 2759, 2760, 2761, 2762, 2764, 2766, 2768, 2772, 2773, 2774, 2776, 2777, 2779, 2780, 2781, 2782, 2783, 2784, 2785, 2786, 2787, 2788, 2789, 2790, 2791, 2792, 2793, 2794, 2795, 2796, 2799, 2802, 2803, 2804, 2805, 2806, 2808, 2809, 2810, 2812, 2813, 2814, 2815, 2817, 2818, 2819, 2820, 2821, 2823, 2825, 2826, 2828, 2829, 2832, 2834, 2835, 2836, 2837, 2841, 2842, 2843, 2845, 2846, 2847, 2849, 2851, 2852, 2854, 2855, 2856, 2858, 2860, 2861, 2862, 2863, 2864, 2865, 2866, 2867, 2868, 2869, 2870, 2871, 2873, 2874, 2875, 2877], "summary": {"covered_lines": 115, "num_statements": 121, "percent_covered": 91.005291005291, "percent_covered_display": "91.01", "missing_lines": 6, "excluded_lines": 0, "percent_statements_covered": 95.04132231404958, "percent_statements_covered_display": "95.04", "num_branches": 68, "num_partial_branches": 11, "covered_branches": 57, "missing_branches": 11, "percent_branches_covered": 83.82352941176471, "percent_branches_covered_display": "83.82"}, "missing_lines": [2763, 2765, 2775, 2798, 2800, 2839], "excluded_lines": [], "start_line": 2658, "executed_branches": [[2715, 2716], [2715, 2733], [2716, 2715], [2716, 2717], [2719, 2720], [2719, 2728], [2720, 2721], [2720, 2723], [2725, 2719], [2725, 2726], [2728, 2715], [2728, 2729], [2756, 2757], [2756, 2768], [2757, 2758], [2757, 2759], [2759, 2760], [2759, 2761], [2762, 2764], [2764, 2766], [2772, -2658], [2772, 2773], [2774, 2776], [2780, 2781], [2780, 2802], [2783, 2784], [2783, 2790], [2784, 2785], [2786, 2787], [2790, 2791], [2795, 2796], [2799, 2802], [2802, 2772], [2802, 2803], [2804, 2805], [2804, 2845], [2806, 2808], [2809, 2810], [2809, 2812], [2813, 2814], [2813, 2817], [2819, 2820], [2819, 2823], [2825, 2826], [2825, 2828], [2828, 2829], [2828, 2832], [2836, 2837], [2851, 2852], [2854, 2802], [2854, 2855], [2860, 2861], [2860, 2864], [2864, 2865], [2864, 2868], [2868, 2869], [2868, 2873]], "missing_branches": [[2762, 2763], [2764, 2765], [2774, 2775], [2784, 2783], [2786, 2783], [2790, 2802], [2795, 2798], [2799, 2800], [2806, 2804], [2836, 2839], [2851, 2802]]}, "_draw_connectors.anchor": {"executed_lines": [2693, 2694, 2696, 2697, 2699, 2700, 2702, 2703, 2704, 2705, 2706, 2707, 2711, 2712], "summary": {"covered_lines": 14, "num_statements": 15, "percent_covered": 90.47619047619048, "percent_covered_display": "90.48", "missing_lines": 1, "excluded_lines": 0, "percent_statements_covered": 93.33333333333333, "percent_statements_covered_display": "93.33", "num_branches": 6, "num_partial_branches": 1, "covered_branches": 5, "missing_branches": 1, "percent_branches_covered": 83.33333333333333, "percent_branches_covered_display": "83.33"}, "missing_lines": [2709], "excluded_lines": [], "start_line": 2692, "executed_branches": [[2702, 2703], [2702, 2704], [2704, 2705], [2704, 2706], [2706, 2707]], "missing_branches": [[2706, 2709]]}, "_draw_connectors.append_path": {"executed_lines": [2734, 2735, 2736, 2737, 2738, 2739, 2740, 2741, 2743, 2744, 2745, 2747, 2748, 2750, 2751, 2752, 2754], "summary": {"covered_lines": 17, "num_statements": 21, "percent_covered": 74.19354838709677, "percent_covered_display": "74.19", "missing_lines": 4, "excluded_lines": 0, "percent_statements_covered": 80.95238095238095, "percent_statements_covered_display": "80.95", "num_branches": 10, "num_partial_branches": 4, "covered_branches": 6, "missing_branches": 4, "percent_branches_covered": 60.0, "percent_branches_covered_display": "60.00"}, "missing_lines": [2742, 2746, 2749, 2753], "excluded_lines": [], "start_line": 2733, "executed_branches": [[2741, 2743], [2743, 2744], [2743, 2745], [2745, 2747], [2748, 2750], [2752, 2737]], "missing_branches": [[2741, 2742], [2745, 2746], [2748, 2749], [2752, 2753]]}, "_draw_connectors.add_point": {"executed_lines": [2769, 2770], "summary": {"covered_lines": 2, "num_statements": 2, "percent_covered": 100.0, "percent_covered_display": "100.00", "missing_lines": 0, "excluded_lines": 0, "percent_statements_covered": 100.0, "percent_statements_covered_display": "100.00", "num_branches": 2, "num_partial_branches": 0, "covered_branches": 2, "missing_branches": 0, "percent_branches_covered": 100.0, "percent_branches_covered_display": "100.00"}, "missing_lines": [], "excluded_lines": [], "start_line": 2768, "executed_branches": [[2769, -2768], [2769, 2770]], "missing_branches": []}, "_incoming_map": {"executed_lines": [2881, 2882, 2883, 2884], "summary": {"covered_lines": 4, "num_statements": 4, "percent_covered": 100.0, "percent_covered_display": "100.00", "missing_lines": 0, "excluded_lines": 0, "percent_statements_covered": 100.0, "percent_statements_covered_display": "100.00", "num_branches": 2, "num_partial_branches": 0, "covered_branches": 2, "missing_branches": 0, "percent_branches_covered": 100.0, "percent_branches_covered_display": "100.00"}, "missing_lines": [], "excluded_lines": [], "start_line": 2880, "executed_branches": [[2882, 2883], [2882, 2884]], "missing_branches": []}, "_outgoing_map": {"executed_lines": [2888, 2889, 2890, 2891], "summary": {"covered_lines": 4, "num_statements": 4, "percent_covered": 100.0, "percent_covered_display": "100.00", "missing_lines": 0, "excluded_lines": 0, "percent_statements_covered": 100.0, "percent_statements_covered_display": "100.00", "num_branches": 2, "num_partial_branches": 0, "covered_branches": 2, "missing_branches": 0, "percent_branches_covered": 100.0, "percent_branches_covered_display": "100.00"}, "missing_lines": [], "excluded_lines": [], "start_line": 2887, "executed_branches": [[2889, 2890], [2889, 2891]], "missing_branches": []}, "_resolve_layer_output_shape": {"executed_lines": [2895, 2896, 2897, 2899, 2900, 2901, 2902, 2904, 2905, 2906], "summary": {"covered_lines": 10, "num_statements": 18, "percent_covered": 53.57142857142857, "percent_covered_display": "53.57", "missing_lines": 8, "excluded_lines": 0, "percent_statements_covered": 55.55555555555556, "percent_statements_covered_display": "55.56", "num_branches": 10, "num_partial_branches": 1, "covered_branches": 5, "missing_branches": 5, "percent_branches_covered": 50.0, "percent_branches_covered_display": "50.00"}, "missing_lines": [2908, 2909, 2910, 2911, 2912, 2913, 2914, 2916], "excluded_lines": [], "start_line": 2894, "executed_branches": [[2896, 2897], [2896, 2899], [2901, 2902], [2901, 2904], [2905, 2906]], "missing_branches": [[2905, 2908], [2909, 2910], [2909, 2916], [2910, 2911], [2910, 2916]]}, "_shape_to_tuple": {"executed_lines": [2920, 2921, 2922, 2923, 2924, 2925, 2926, 2927, 2928, 2929, 2930], "summary": {"covered_lines": 11, "num_statements": 12, "percent_covered": 90.0, "percent_covered_display": "90.00", "missing_lines": 1, "excluded_lines": 0, "percent_statements_covered": 91.66666666666667, "percent_statements_covered_display": "91.67", "num_branches": 8, "num_partial_branches": 1, "covered_branches": 7, "missing_branches": 1, "percent_branches_covered": 87.5, "percent_branches_covered_display": "87.50"}, "missing_lines": [2931], "excluded_lines": [], "start_line": 2919, "executed_branches": [[2920, 2921], [2920, 2922], [2922, 2923], [2922, 2924], [2924, 2925], [2924, 2929], [2929, 2930]], "missing_branches": [[2929, 2931]]}, "_get_logo_nodes": {"executed_lines": [2939, 2940, 2943, 2944, 2945, 2947, 2948, 2950, 2951, 2952, 2953, 2954, 2956, 2957, 2958, 2959, 2961, 2962, 2963, 2964, 2965, 2966, 2967, 2969], "summary": {"covered_lines": 24, "num_statements": 25, "percent_covered": 85.1063829787234, "percent_covered_display": "85.11", "missing_lines": 1, "excluded_lines": 0, "percent_statements_covered": 96.0, "percent_statements_covered_display": "96.00", "num_branches": 22, "num_partial_branches": 6, "covered_branches": 16, "missing_branches": 6, "percent_branches_covered": 72.72727272727273, "percent_branches_covered_display": "72.73"}, "missing_lines": [2941], "excluded_lines": [], "start_line": 2933, "executed_branches": [[2940, 2943], [2947, 2948], [2947, 2961], [2948, 2947], [2948, 2950], [2951, 2952], [2952, 2953], [2957, 2958], [2961, 2962], [2961, 2969], [2962, 2963], [2962, 2965], [2963, 2961], [2963, 2964], [2965, 2966], [2966, 2967]], "missing_branches": [[2940, 2941], [2951, 2956], [2952, 2954], [2957, 2959], [2965, 2961], [2966, 2961]]}, "": {"executed_lines": [12, 14, 15, 16, 17, 18, 20, 21, 22, 24, 31, 32, 45, 46, 47, 48, 49, 50, 51, 52, 53, 54, 55, 56, 57, 58, 59, 60, 61, 62, 63, 64, 65, 68, 69, 70, 71, 74, 75, 76, 77, 78, 79, 82, 85, 90, 120, 195, 666, 862, 878, 913, 927, 941, 950, 1022, 1139, 1180, 1220, 1272, 1283, 1313, 1319, 1372, 1387, 1432, 1504, 1512, 1572, 1580, 1592, 1612, 1622, 1632, 1647, 1654, 1660, 1678, 1698, 1711, 1737, 1856, 1876, 1937, 2010, 2086, 2458, 2546, 2570, 2611, 2658, 2880, 2887, 2894, 2919, 2933], "summary": {"covered_lines": 96, "num_statements": 96, "percent_covered": 100.0, "percent_covered_display": "100.00", "missing_lines": 0, "excluded_lines": 0, "percent_statements_covered": 100.0, "percent_statements_covered_display": "100.00", "num_branches": 0, "num_partial_branches": 0, "covered_branches": 0, "missing_branches": 0, "percent_branches_covered": 100.0, "percent_branches_covered_display": "100.00"}, "missing_lines": [], "excluded_lines": [], "start_line": 1, "executed_branches": [], "missing_branches": []}}, "classes": {"FunctionalNode": {"executed_lines": [], "summary": {"covered_lines": 0, "num_statements": 0, "percent_covered": 100.0, "percent_covered_display": "100.00", "missing_lines": 0, "excluded_lines": 0, "percent_statements_covered": 100.0, "percent_statements_covered_display": "100.00", "num_branches": 0, "num_partial_branches": 0, "covered_branches": 0, "missing_branches": 0, "percent_branches_covered": 100.0, "percent_branches_covered_display": "100.00"}, "missing_lines": [], "excluded_lines": [], "start_line": 46, "executed_branches": [], "missing_branches": []}, "FunctionalEdge": {"executed_lines": [], "summary": {"covered_lines": 0, "num_statements": 0, "percent_covered": 100.0, "percent_covered_display": "100.00", "missing_lines": 0, "excluded_lines": 0, "percent_statements_covered": 100.0, "percent_statements_covered_display": "100.00", "num_branches": 0, "num_partial_branches": 0, "covered_branches": 0, "missing_branches": 0, "percent_branches_covered": 100.0, "percent_branches_covered_display": "100.00"}, "missing_lines": [], "excluded_lines": [], "start_line": 69, "executed_branches": [], "missing_branches": []}, "FunctionalGraph": {"executed_lines": [], "summary": {"covered_lines": 0, "num_statements": 0, "percent_covered": 100.0, "percent_covered_display": "100.00", "missing_lines": 0, "excluded_lines": 0, "percent_statements_covered": 100.0, "percent_statements_covered_display": "100.00", "num_branches": 0, "num_partial_branches": 0, "covered_branches": 0, "missing_branches": 0, "percent_branches_covered": 100.0, "percent_branches_covered_display": "100.00"}, "missing_lines": [], "excluded_lines": [], "start_line": 75, "executed_branches": [], "missing_branches": []}, "_SyntheticLayer": {"executed_lines": [86, 87], "summary": {"covered_lines": 2, "num_statements": 2, "percent_covered": 100.0, "percent_covered_display": "100.00", "missing_lines": 0, "excluded_lines": 0, "percent_statements_covered": 100.0, "percent_statements_covered_display": "100.00", "num_branches": 0, "num_partial_branches": 0, "covered_branches": 0, "missing_branches": 0, "percent_branches_covered": 100.0, "percent_branches_covered_display": "100.00"}, "missing_lines": [], "excluded_lines": [], "start_line": 82, "executed_branches": [], "missing_branches": []}, "": {"executed_lines": [12, 14, 15, 16, 17, 18, 20, 21, 22, 24, 31, 32, 45, 46, 47, 48, 49, 50, 51, 52, 53, 54, 55, 56, 57, 58, 59, 60, 61, 62, 63, 64, 65, 68, 69, 70, 71, 74, 75, 76, 77, 78, 79, 82, 85, 90, 91, 92, 93, 94, 98, 99, 100, 103, 104, 105, 106, 107, 111, 112, 115, 120, 144, 145, 146, 147, 149, 150, 151, 152, 154, 155, 156, 160, 161, 162, 164, 165, 166, 170, 171, 172, 176, 177, 178, 179, 180, 182, 192, 195, 263, 265, 266, 267, 312, 316, 317, 325, 326, 327, 328, 329, 330, 331, 332, 333, 334, 335, 336, 337, 339, 340, 341, 342, 343, 344, 345, 349, 350, 351, 358, 360, 406, 407, 409, 412, 413, 414, 415, 416, 417, 418, 419, 420, 421, 422, 423, 424, 425, 426, 427, 428, 429, 430, 431, 432, 433, 434, 435, 436, 437, 438, 439, 440, 441, 442, 443, 444, 445, 446, 447, 448, 449, 450, 451, 452, 453, 454, 456, 457, 458, 460, 462, 465, 466, 471, 481, 482, 484, 487, 488, 490, 491, 492, 493, 494, 495, 501, 503, 546, 569, 570, 575, 576, 583, 584, 586, 587, 589, 590, 591, 592, 599, 600, 602, 603, 605, 606, 607, 613, 614, 615, 626, 628, 630, 638, 661, 662, 663, 666, 722, 723, 724, 725, 726, 727, 728, 729, 731, 732, 733, 735, 736, 737, 738, 740, 741, 742, 744, 745, 746, 747, 760, 761, 763, 764, 765, 766, 767, 768, 771, 772, 773, 774, 775, 779, 780, 781, 782, 783, 786, 787, 788, 789, 790, 791, 792, 793, 795, 796, 797, 798, 809, 810, 811, 812, 81
[...]
 "percent_branches_covered_display": "100.00"}, "missing_lines": [], "excluded_lines": [], "start_line": 270, "executed_branches": [], "missing_branches": []}, "Ellipses.draw": {"executed_lines": [278, 279, 280, 281, 282, 283], "summary": {"covered_lines": 6, "num_statements": 6, "percent_covered": 100.0, "percent_covered_display": "100.00", "missing_lines": 0, "excluded_lines": 0, "percent_statements_covered": 100.0, "percent_statements_covered_display": "100.00", "num_branches": 0, "num_partial_branches": 0, "covered_branches": 0, "missing_branches": 0, "percent_branches_covered": 100.0, "percent_branches_covered_display": "100.00"}, "missing_lines": [], "excluded_lines": [], "start_line": 277, "executed_branches": [], "missing_branches": []}, "ColorWheel.__init__": {"executed_lines": [289, 290], "summary": {"covered_lines": 2, "num_statements": 2, "percent_covered": 100.0, "percent_covered_display": "100.00", "missing_lines": 0, "excluded_lines": 0, "percent_statements_covered": 100.0, "percent_statements_covered_display": "100.00", "num_branches": 0, "num_partial_branches": 0, "covered_branches": 0, "missing_branches": 0, "percent_branches_covered": 100.0, "percent_branches_covered_display": "100.00"}, "missing_lines": [], "excluded_lines": [], "start_line": 288, "executed_branches": [], "missing_branches": []}, "ColorWheel.get_color": {"executed_lines": [293, 294, 295, 296], "summary": {"covered_lines": 4, "num_statements": 4, "percent_covered": 100.0, "percent_covered_display": "100.00", "missing_lines": 0, "excluded_lines": 0, "percent_statements_covered": 100.0, "percent_statements_covered_display": "100.00", "num_branches": 2, "num_partial_branches": 0, "covered_branches": 2, "missing_branches": 0, "percent_branches_covered": 100.0, "percent_branches_covered_display": "100.00"}, "missing_lines": [], "excluded_lines": [], "start_line": 292, "executed_branches": [[293, 294], [293, 296]], "missing_branches": []}, "fade_color": {"executed_lines": [300, 301, 302, 303], "summary": {"covered_lines": 4, "num_statements": 4, "percent_covered": 100.0, "percent_covered_display": "100.00", "missing_lines": 0, "excluded_lines": 0, "percent_statements_covered": 100.0, "percent_statements_covered_display": "100.00", "num_branches": 0, "num_partial_branches": 0, "covered_branches": 0, "missing_branches": 0, "percent_branches_covered": 100.0, "percent_branches_covered_display": "100.00"}, "missing_lines": [], "excluded_lines": [], "start_line": 299, "executed_branches": [], "missing_branches": []}, "get_rgba_tuple": {"executed_lines": [312, 313, 314, 315, 317, 319, 320, 321], "summary": {"covered_lines": 8, "num_statements": 8, "percent_covered": 100.0, "percent_covered_display": "100.00", "missing_lines": 0, "excluded_lines": 0, "percent_statements_covered": 100.0, "percent_statements_covered_display": "100.00", "num_branches": 6, "num_partial_branches": 0, "covered_branches": 6, "missing_branches": 0, "percent_branches_covered": 100.0, "percent_branches_covered_display": "100.00"}, "missing_lines": [], "excluded_lines": [], "start_line": 306, "executed_branches": [[312, 313], [312, 314], [314, 315], [314, 317], [319, 320], [319, 321]], "missing_branches": []}, "get_keys_by_value": {"executed_lines": [325, 326, 327], "summary": {"covered_lines": 3, "num_statements": 3, "percent_covered": 100.0, "percent_covered_display": "100.00", "missing_lines": 0, "excluded_lines": 0, "percent_statements_covered": 100.0, "percent_statements_covered_display": "100.00", "num_branches": 4, "num_partial_branches": 0, "covered_branches": 4, "missing_branches": 0, "percent_branches_covered": 100.0, "percent_branches_covered_display": "100.00"}, "missing_lines": [], "excluded_lines": [], "start_line": 324, "executed_branches": [[325, -324], [325, 326], [326, 325], [326, 327]], "missing_branches": []}, "self_multiply": {"executed_lines": [336, 337, 338, 339, 341, 342, 343, 344], "summary": {"covered_lines": 8, "num_statements": 9, "percent_covered": 86.66666666666667, "percent_covered_display": "86.67", "missing_lines": 1, "excluded_lines": 0, "percent_statements_covered": 88.88888888888889, "percent_statements_covered_display": "88.89", "num_branches": 6, "num_partial_branches": 1, "covered_branches": 5, "missing_branches": 1, "percent_branches_covered": 83.33333333333333, "percent_branches_covered_display": "83.33"}, "missing_lines": [340], "excluded_lines": [], "start_line": 330, "executed_branches": [[337, 338], [337, 339], [339, 341], [342, 343], [342, 344]], "missing_branches": [[339, 340]]}, "vertical_image_concat": {"executed_lines": [356, 357, 358, 359], "summary": {"covered_lines": 4, "num_statements": 4, "percent_covered": 100.0, "percent_covered_display": "100.00", "missing_lines": 0, "excluded_lines": 0, "percent_statements_covered": 100.0, "percent_statements_covered_display": "100.00", "num_branches": 0, "num_partial_branches": 0, "covered_branches": 0, "missing_branches": 0, "percent_branches_covered": 100.0, "percent_branches_covered_display": "100.00"}, "missing_lines": [], "excluded_lines": [], "start_line": 347, "executed_branches": [], "missing_branches": []}, "linear_layout": {"executed_lines": [377, 378, 379, 381, 383, 384, 385, 387, 388, 389, 391, 392, 394, 396, 398, 399, 400, 402, 403, 405, 407, 408, 409, 411], "summary": {"covered_lines": 24, "num_statements": 24, "percent_covered": 100.0, "percent_covered_display": "100.00", "missing_lines": 0, "excluded_lines": 0, "percent_statements_covered": 100.0, "percent_statements_covered_display": "100.00", "num_branches": 10, "num_partial_branches": 0, "covered_branches": 10, "missing_branches": 0, "percent_branches_covered": 100.0, "percent_branches_covered_display": "100.00"}, "missing_lines": [], "excluded_lines": [], "start_line": 362, "executed_branches": [[383, 384], [383, 407], [384, 385], [384, 396], [385, 387], [385, 389], [396, 398], [396, 400], [408, 409], [408, 411]], "missing_branches": []}, "Ribbon.__init__": {"executed_lines": [415, 416, 417, 418, 419, 420, 423], "summary": {"covered_lines": 7, "num_statements": 7, "percent_covered": 100.0, "percent_covered_display": "100.00", "missing_lines": 0, "excluded_lines": 0, "percent_statements_covered": 100.0, "percent_statements_covered_display": "100.00", "num_branches": 0, "num_partial_branches": 0, "covered_branches": 0, "missing_branches": 0, "percent_branches_covered": 100.0, "percent_branches_covered_display": "100.00"}, "missing_lines": [], "excluded_lines": [], "start_line": 414, "executed_branches": [], "missing_branches": []}, "Ribbon.draw": {"executed_lines": [426, 429, 430, 431, 433, 434, 435, 440, 442, 444, 445, 446, 451, 459, 463, 464, 465, 469, 477, 485], "summary": {"covered_lines": 20, "num_statements": 20, "percent_covered": 100.0, "percent_covered_display": "100.00", "missing_lines": 0, "excluded_lines": 0, "percent_statements_covered": 100.0, "percent_statements_covered_display": "100.00", "num_branches": 2, "num_partial_branches": 0, "covered_branches": 2, "missing_branches": 0, "percent_branches_covered": 100.0, "percent_branches_covered_display": "100.00"}, "missing_lines": [], "excluded_lines": [], "start_line": 425, "executed_branches": [[442, 444], [442, 463]], "missing_branches": []}, "resize_image_to_fit": {"executed_lines": [489, 492, 493, 494, 496, 498, 499, 501, 502, 505, 506, 507, 508, 510, 511, 514, 515, 516, 519, 521, 523, 526, 527, 528, 529, 530, 532, 533, 534, 535, 536, 538], "summary": {"covered_lines": 32, "num_statements": 33, "percent_covered": 95.91836734693878, "percent_covered_display": "95.92", "missing_lines": 1, "excluded_lines": 0, "percent_statements_covered": 96.96969696969697, "percent_statements_covered_display": "96.97", "num_branches": 16, "num_partial_branches": 1, "covered_branches": 15, "missing_branches": 1, "percent_branches_covered": 93.75, "percent_branches_covered_display": "93.75"}, "missing_lines": [490], "excluded_lines": [], "start_line": 488, "executed_branches": [[489, 492], [498, 499], [498, 507], [499, 501], [499, 505], [507, 508], [507, 516], [508, 510], [508, 514], [516, 519], [516, 521], [526, 527], [526, 530], [530, 532], [530, 538]], "missing_branches": [[489, 490]]}, "_calculate_affine_coeffs": {"executed_lines": [541, 542, 557, 563, 564, 566, 567, 568, 569, 570, 572], "summary": {"covered_lines": 11, "num_statements": 11, "percent_covered": 100.0, "percent_covered_display": "100.00", "missing_lines": 0, "excluded_lines": 0, "percent_statements_covered": 100.0, "percent_statements_covered_display": "100.00", "num_branches": 0, "num_partial_branches": 0, "covered_branches": 0, "missing_branches": 0, "percent_branches_covered": 100.0, "percent_branches_covered_display": "100.00"}, "missing_lines": [], "excluded_lines": [], "start_line": 540, "executed_branches": [], "missing_branches": []}, "apply_affine_transform": {"executed_lines": [580, 581, 582, 583, 584, 585, 587, 590, 591, 594, 595, 597, 604, 605, 607, 609, 612], "summary": {"covered_lines": 17, "num_statements": 17, "percent_covered": 94.73684210526316, "percent_covered_display": "94.74", "missing_lines": 0, "excluded_lines": 0, "percent_statements_covered": 100.0, "percent_statements_covered_display": "100.00", "num_branches": 2, "num_partial_branches": 1, "covered_branches": 1, "missing_branches": 1, "percent_branches_covered": 50.0, "percent_branches_covered_display": "50.00"}, "missing_lines": [], "excluded_lines": [], "start_line": 574, "executed_branches": [[587, 590]], "missing_branches": [[587, -574]]}, "draw_node_logo": {"executed_lines": [616, 617, 626, 627, 628, 631, 632, 633, 635, 636, 637, 643, 644, 645, 648, 649, 651, 652, 654, 657, 658, 661, 662, 665, 666, 667, 668, 669, 670, 671, 672, 673, 675, 676, 679, 680, 682, 683, 686, 688, 690, 691, 692, 694, 697, 698, 699, 702, 703, 704, 705, 707, 709], "summary": {"covered_lines": 53, "num_statements": 58, "percent_covered": 83.75, "percent_covered_display": "83.75", "missing_lines": 5, "excluded_lines": 0, "percent_statements_covered": 91.37931034482759, "percent_statements_covered_display": "91.38", "num_branches": 22, "num_partial_branches": 8, "covered_branches": 14, "missing_branches": 8, "percent_branches_covered": 63.63636363636363, "percent_branches_covered_display": "63.64"}, "missing_lines": [618, 689, 693, 695, 696], "excluded_lines": [], "start_line": 615, "executed_branches": [[617, 626], [627, 628], [632, 633], [632, 635], [654, 657], [666, 667], [666, 672], [672, 673], [688, 690], [690, 691], [690, 692], [692, 694], [694, 697], [697, 698]], "missing_branches": [[617, 618], [627, 631], [654, -615], [672, 675], [688, 689], [692, 693], [694, 695], [697, 702]]}, "draw_logos_legend": {"executed_lines": [713, 714, 716, 717, 719, 720, 722, 725, 728, 732, 733, 734, 735, 737, 738, 739, 740, 744, 745, 748, 751, 752, 753, 755, 756, 758, 759, 763, 764, 767, 768, 769, 771, 773, 776, 780], "summary": {"covered_lines": 36, "num_statements": 39, "percent_covered": 84.90566037735849, "percent_covered_display": "84.91", "missing_lines": 3, "excluded_lines": 0, "percent_statements_covered": 92.3076923076923, "percent_statements_covered_display": "92.31", "num_branches": 14, "num_partial_branches": 5, "covered_branches": 9, "missing_branches": 5, "percent_branches_covered": 64.28571428571429, "percent_branches_covered_display": "64.29"}, "missing_lines": [726, 749, 774], "excluded_lines": [], "start_line": 712, "executed_branches": [[713, 714], [713, 716], [716, 717], [725, 728], [732, 733], [732, 773], [735, 737], [748, 751], [773, 776]], "missing_branches": [[716, 719], [725, 726], [735, 732], [748, 749], [773, 774]]}, "": {"executed_lines": [1, 2, 3, 4, 5, 7, 28, 29, 30, 31, 32, 33, 34, 35, 37, 40, 41, 44, 45, 48, 49, 52, 53, 56, 62, 63, 64, 65, 68, 70, 80, 268, 270, 275, 277, 286, 288, 292, 299, 306, 324, 330, 347, 362, 413, 414, 425, 488, 540, 574, 615, 712], "summary": {"covered_lines": 52, "num_statements": 52, "percent_covered": 100.0, "percent_covered_display": "100.00", "missing_lines": 0, "excluded_lines": 0, "percent_statements_covered": 100.0, "percent_statements_covered_display": "100.00", "num_branches": 0, "num_partial_branches": 0, "covered_branches": 0, "missing_branches": 0, "percent_branches_covered": 100.0, "percent_branches_covered_display": "100.00"}, "missing_lines": [], "excluded_lines": [], "start_line": 1, "executed_branches": [], "missing_branches": []}}, "classes": {"RectShape": {"executed_lines": [38, 42, 46, 50, 54, 57, 58, 59], "summary": {"covered_lines": 8, "num_statements": 8, "percent_covered": 100.0, "percent_covered_display": "100.00", "missing_lines": 0, "excluded_lines": 0, "percent_statements_covered": 100.0, "percent_statements_covered_display": "100.00", "num_branches": 0, "num_partial_branches": 0, "covered_branches": 0, "missing_branches": 0, "percent_branches_covered": 100.0, "percent_branches_covered_display": "100.00"}, "missing_lines": [], "excluded_lines": [], "start_line": 28, "executed_branches": [], "missing_branches": []}, "Box": {"executed_lines": [76, 77, 81, 84, 85, 88, 90, 92, 93, 94, 96, 98, 99, 100, 102, 103, 104, 105, 107, 113, 120, 126, 127, 128, 130, 136, 143, 149, 150, 153, 154, 160, 161, 167, 172, 175, 176, 178, 179, 180, 183, 184, 185, 189, 190, 191, 195, 205, 206, 207, 208, 210, 220, 221, 223, 225, 227, 230, 231, 233, 251, 254, 256, 257, 258, 261, 262, 263, 265], "summary": {"covered_lines": 69, "num_statements": 70, "percent_covered": 96.5909090909091, "percent_covered_display": "96.59", "missing_lines": 1, "excluded_lines": 0, "percent_statements_covered": 98.57142857142857, "percent_statements_covered_display": "98.57", "num_branches": 18, "num_partial_branches": 2, "covered_branches": 16, "missing_branches": 2, "percent_branches_covered": 88.88888888888889, "percent_branches_covered_display": "88.89"}, "missing_lines": [78], "excluded_lines": [], "start_line": 62, "executed_branches": [[76, 77], [90, 92], [90, 96], [96, 98], [96, 153], [98, 99], [102, 103], [102, 126], [176, 178], [176, 195], [223, 225], [223, 251], [254, -80], [254, 256], [262, 263], [262, 265]], "missing_branches": [[76, 78], [98, 149]]}, "Circle": {"executed_lines": [271, 272], "summary": {"covered_lines": 2, "num_statements": 2, "percent_covered": 100.0, "percent_covered_display": "100.00", "missing_lines": 0, "excluded_lines": 0, "percent_statements_covered": 100.0, "percent_statements_covered_display": "100.00", "num_branches": 0, "num_partial_branches": 0, "covered_branches": 0, "missing_branches": 0, "percent_branches_covered": 100.0, "percent_branches_covered_display": "100.00"}, "missing_lines": [], "excluded_lines": [], "start_line": 268, "executed_branches": [], "missing_branches": []}, "Ellipses": {"executed_lines": [278, 279, 280, 281, 282, 283], "summary": {"covered_lines": 6, "num_statements": 6, "percent_covered": 100.0, "percent_covered_display": "100.00", "missing_lines": 0, "excluded_lines": 0, "percent_statements_covered": 100.0, "percent_statements_covered_display": "100.00", "num_branches": 0, "num_partial_branches": 0, "covered_branches": 0, "missing_branches": 0, "percent_branches_covered": 100.0, "percent_branches_covered_display": "100.00"}, "missing_lines": [], "excluded_lines": [], "start_line": 275, "executed_branches": [], "missing_branches": []}, "ColorWheel": {"executed_lines": [289, 290, 293, 294, 295, 296], "summary": {"covered_lines": 6, "num_statements": 6, "percent_covered": 100.0, "percent_covered_display": "100.00", "missing_lines": 0, "excluded_lines": 0, "percent_statements_covered": 100.0, "percent_statements_covered_display": "100.00", "num_branches": 2, "num_partial_branches": 0, "covered_branches": 2, "missing_branches": 0, "percent_branches_covered": 100.0, "percent_branches_covered_display": "100.00"}, "missing_lines": [], "excluded_lines": [], "start_line": 286, "executed_branches": [[293, 294], [293, 296]], "missing_branches": []}, "Ribbon": {"executed_lines": [415, 416, 417, 418, 419, 420, 423, 426, 429, 430, 431, 433, 434, 435, 440, 442, 444, 445, 446, 451, 459, 463, 464, 465, 469, 477, 485], "summary": {"covered_lines": 27, "num_statements": 27, "percent_covered": 100.0, "percent_covered_display": "100.00", "missing_lines": 0, "excluded_lines": 0, "percent_statements_covered": 100.0, "percent_statements_covered_display": "100.00", "num_branches": 2, "num_partial_branches": 0, "covered_branches": 2, "missing_branches": 0, "percent_branches_covered": 100.0, "percent_branches_covered_display": "100.00"}, "missing_lines": [], "excluded_lines": [], "start_line": 413, "executed_branches": [[442, 444], [442, 463]], "missing_branches": []}, "": {"executed_lines": [1, 2, 3, 4, 5, 7, 16, 18, 19, 20, 22, 23, 25, 28, 29, 30, 31, 32, 33, 34, 35, 37, 40, 41, 44, 45, 48, 49, 52, 53, 56, 62, 63, 64, 65, 68, 70, 80, 268, 270, 275, 277, 286, 288, 292, 299, 300, 301, 302, 303, 306, 312, 313, 314, 315, 317, 319, 320, 321, 324, 325, 326, 327, 330, 336, 337, 338, 339, 341, 342, 343, 344, 347, 356, 357, 358, 359, 362, 377, 378, 379, 381, 383, 384, 385, 387, 388, 389, 391, 392, 394, 396, 398, 399, 400, 402, 403, 405, 407, 408, 409, 411, 413, 414, 425, 488, 489, 492, 493, 494, 496, 498, 499, 501, 502, 505, 506, 507, 508, 510, 511, 514, 515, 516, 519, 521, 523, 526, 527, 528, 529, 530, 532, 533, 534, 535, 536, 538, 540, 541, 542, 557, 563, 564, 566, 567, 568, 569, 570, 572, 574, 580, 581, 582, 583, 584, 585, 587, 590, 591, 594, 595, 597, 604, 605, 607, 609, 612, 615, 616, 617, 626, 627, 628, 631, 632, 633, 635, 636, 637, 643, 644, 645, 648, 649, 651, 652, 654, 657, 658, 661, 662, 665, 666, 667, 668, 669, 670, 671, 672, 673, 675, 676, 679, 680, 682, 683, 686, 688, 690, 691, 692, 694, 697, 698, 699, 702, 703, 704, 705, 707, 709, 712, 713, 714, 716, 717, 719, 720, 722, 725, 728, 732, 733, 734, 735, 737, 738, 739, 740, 744, 745, 748, 751, 752, 753, 755, 756, 758, 759, 763, 764, 767, 768, 769, 771, 773, 776, 780], "summary": {"covered_lines": 259, "num_statements": 269, "percent_covered": 92.67605633802818, "percent_covered_display": "92.68", "missing_lines": 10, "excluded_lines": 0, "percent_statements_covered": 96.28252788104089, "percent_statements_covered_display": "96.28", "num_branches": 86, "num_partial_branches": 16, "covered_branches": 70, "missing_branches": 16, "percent_branches_covered": 81.3953488372093, "percent_branches_covered_display": "81.40"}, "missing_lines": [340, 490, 618, 689, 693, 695, 696, 726, 749, 774], "excluded_lines": [], "start_line": 1, "executed_branches": [[18, 19], [18, 22], [19, 18], [19, 20], [22, 23], [22, 25], [312, 313], [312, 314], [314, 315], [314, 317], [319, 320], [319, 321], [325, -324], [325, 326], [326, 325], [326, 327], [337, 338], [337, 339], [339, 341], [342, 343], [342, 344], [383, 384], [383, 407], [384, 385], [384, 396], [385, 387], [385, 389], [396, 398], [396, 400], [408, 409], [408, 411], [489, 492], [498, 499], [498, 507], [499, 501], [499, 505], [507, 508], [507, 516], [508, 510], [508, 514], [516, 519], [516, 521], [526, 527], [526, 530], [530, 532], [530, 538], [587, 590], [617, 626], [627, 628], [632, 633], [632, 635], [654, 657], [666, 667], [666, 672], [672, 673], [688, 690], [690, 691], [690, 692], [692, 694], [694, 697], [697, 698], [713, 714], [713, 716], [716, 717], [725, 728], [732, 733], [732, 773], [735, 737], [748, 751], [773, 776]], "missing_branches": [[339, 340], [489, 490], [587, -574], [617, 618], [627, 631], [654, -615], [672, 675], [688, 689], [692, 693], [694, 695], [697, 702], [716, 719], [725, 726], [735, 732], [748, 749], [773, 774]]}}}}, "totals": {"covered_lines": 4022, "num_statements": 4433, "percent_covered": 87.4175382139984, "percent_covered_display": "87.42", "missing_lines": 411, "excluded_lines": 1, "percent_statements_covered": 90.72862621249718, "percent_statements_covered_display": "90.73", "num_branches": 1782, "num_partial_branches": 293, "covered_branches": 1411, "missing_branches": 371, "percent_branches_covered": 79.18069584736251, "percent_branches_covered_display": "79.18"}}